#
# A fatal error has been detected by the Java Runtime Environment:
#
#  EXCEPTION_ACCESS_VIOLATION (0xc0000005) at pc=0x00007ffc2253844d, pid=12880, tid=0x0000000000000acc
#
# JRE version: Java(TM) SE Runtime Environment (8.0_151-b12) (build 1.8.0_151-b12)
# Java VM: Java HotSpot(TM) 64-Bit Server VM (25.151-b12 mixed mode windows-amd64 compressed oops)
# Problematic frame:
# C  [lwjgl_opengl.dll+0x844d]
#
# Failed to write core dump. Minidumps are not enabled by default on client versions of Windows
#
# If you would like to submit a bug report, please visit:
#   http://bugreport.java.com/bugreport/crash.jsp
# The crash happened outside the Java Virtual Machine in native code.
# See problematic frame for where to report the bug.
#

---------------  T H R E A D  ---------------

Current thread (0x0000000002652800):  JavaThread "main" [_thread_in_native, id=2764, stack(0x0000000002550000,0x0000000002650000)]

siginfo: ExceptionCode=0xc0000005, reading address 0x0000000000000f18

Registers:
RAX=0x000000006ca81d50, RBX=0x000000001bd6ba80, RCX=0x0000000000000001, RDX=0x000000001f021e0c
RSP=0x000000000264ef68, RBP=0x000000000264efe8, RSI=0x0000000000000610, RDI=0x0000000002757e70
R8 =0x0000000000000001, R9 =0x000000001f021e0c, R10=0x0000000000000000, R11=0x000000006c50b4d0
R12=0x0000000000000000, R13=0x000000001bd6ba80, R14=0x000000000264f018, R15=0x0000000002652800
RIP=0x00007ffc2253844d, EFLAGS=0x0000000000010202

Top of Stack: (sp=0x000000000264ef68)
0x000000000264ef68:   0000000002767934 0000000002757e70
0x000000000264ef78:   00000000027676ab 0000000002652800
0x000000000264ef88:   000000001bd6ba80 0000000000000610
0x000000000264ef98:   0000000002652800 0000000002767662
0x000000000264efa8:   000000000264efa8 000000001bd6ba80
0x000000000264efb8:   000000000264f018 000000001bd6dec0
0x000000000264efc8:   0000000000000000 000000001bd6ba80
0x000000000264efd8:   0000000000000000 000000000264f008
0x000000000264efe8:   000000000264f060 000000000275835d
0x000000000264eff8:   000000076b712a50 00000000027619d8
0x000000000264f008:   000000001f021e0c 000000076b761bf0
0x000000000264f018:   0000000000000001 000000000264f020
0x000000000264f028:   000000001bd6bbd4 000000000264f090
0x000000000264f038:   000000001bd6dec0 0000000000000000
0x000000000264f048:   000000001bd6bc38 000000000264f008
0x000000000264f058:   000000000264f098 000000000264f0d8 

Instructions: (pc=0x00007ffc2253844d)
0x00007ffc2253842d:   49 ff a2 f0 09 00 00 cc cc cc cc cc cc cc cc cc
0x00007ffc2253843d:   cc cc cc 48 8b 01 49 8b d1 41 8b c8 4c 8b 50 18
0x00007ffc2253844d:   49 ff a2 18 0f 00 00 cc cc cc cc cc cc cc cc cc
0x00007ffc2253845d:   cc cc cc 48 8b 01 48 8b 48 18 48 8b 81 c0 1b 00 


Register to memory mapping:

RAX=0x000000006ca81d50 is an unknown value
RBX={method} {0x000000001bd6ba88} 'nglGenVertexArrays' '(IJ)V' in 'org/lwjgl/opengl/GL30'
RCX=0x0000000000000001 is an unknown value
RDX=0x000000001f021e0c is an unknown value
RSP=0x000000000264ef68 is pointing into the stack for thread: 0x0000000002652800
RBP=0x000000000264efe8 is pointing into the stack for thread: 0x0000000002652800
RSI=0x0000000000000610 is an unknown value
RDI=0x0000000002757e70 is at code_begin+1040 in an Interpreter codelet
invoke return entry points  [0x0000000002757a60, 0x0000000002758440]  2528 bytes
R8 =0x0000000000000001 is an unknown value
R9 =0x000000001f021e0c is an unknown value
R10=0x0000000000000000 is an unknown value
R11=0x000000006c50b4d0 is an unknown value
R12=0x0000000000000000 is an unknown value
R13={method} {0x000000001bd6ba88} 'nglGenVertexArrays' '(IJ)V' in 'org/lwjgl/opengl/GL30'
R14=0x000000000264f018 is pointing into the stack for thread: 0x0000000002652800
R15=0x0000000002652800 is a thread


Stack: [0x0000000002550000,0x0000000002650000],  sp=0x000000000264ef68,  free space=1019k
Native frames: (J=compiled Java code, j=interpreted, Vv=VM code, C=native code)
C  [lwjgl_opengl.dll+0x844d]

Java frames: (J=compiled Java code, j=interpreted, Vv=VM code)
j  org.lwjgl.opengl.GL30.nglGenVertexArrays(IJ)V+0
j  org.lwjgl.opengl.GL30.glGenVertexArrays()I+20
j  boundary.renderEngine.Loader.createVAO()I+0
j  boundary.renderEngine.Loader.loadToVAO([F)Lboundary/models/RawModel;+1
j  boundary.renderEngine.DisplayManager.loop()V+98
j  boundary.gameData.MainGameLoop.main([Ljava/lang/String;)V+13
v  ~StubRoutines::call_stub

---------------  P R O C E S S  ---------------

Java Threads: ( => current thread )
  0x000000001e214800 JavaThread "Service Thread" daemon [_thread_blocked, id=11764, stack(0x000000001ed20000,0x000000001ee20000)]
  0x000000001e178800 JavaThread "C1 CompilerThread3" daemon [_thread_blocked, id=13792, stack(0x000000001ec20000,0x000000001ed20000)]
  0x000000001e163800 JavaThread "C2 CompilerThread2" daemon [_thread_blocked, id=7720, stack(0x000000001eb20000,0x000000001ec20000)]
  0x000000001e162000 JavaThread "C2 CompilerThread1" daemon [_thread_blocked, id=10116, stack(0x000000001ea20000,0x000000001eb20000)]
  0x000000001e15c000 JavaThread "C2 CompilerThread0" daemon [_thread_blocked, id=14696, stack(0x000000001e920000,0x000000001ea20000)]
  0x000000001e15a800 JavaThread "Attach Listener" daemon [_thread_blocked, id=9772, stack(0x000000001e820000,0x000000001e920000)]
  0x000000001e159000 JavaThread "Signal Dispatcher" daemon [_thread_blocked, id=6976, stack(0x000000001e720000,0x000000001e820000)]
  0x0000000002749800 JavaThread "Finalizer" daemon [_thread_blocked, id=6740, stack(0x000000001e530000,0x000000001e630000)]
  0x0000000002746000 JavaThread "Reference Handler" daemon [_thread_blocked, id=3264, stack(0x000000001e030000,0x000000001e130000)]
=>0x0000000002652800 JavaThread "main" [_thread_in_native, id=2764, stack(0x0000000002550000,0x0000000002650000)]

Other Threads:
  0x000000001c249000 VMThread [stack: 0x000000001df30000,0x000000001e030000] [id=1704]
  0x000000001e218000 WatcherThread [stack: 0x000000001ee20000,0x000000001ef20000] [id=10632]

VM state:not at safepoint (normal execution)

VM Mutex/Monitor currently owned by a thread: None

Heap:
 PSYoungGen      total 76288K, used 9175K [0x000000076af00000, 0x0000000770400000, 0x00000007c0000000)
  eden space 65536K, 14% used [0x000000076af00000,0x000000076b7f5e98,0x000000076ef00000)
  from space 10752K, 0% used [0x000000076f980000,0x000000076f980000,0x0000000770400000)
  to   space 10752K, 0% used [0x000000076ef00000,0x000000076ef00000,0x000000076f980000)
 ParOldGen       total 175104K, used 0K [0x00000006c0c00000, 0x00000006cb700000, 0x000000076af00000)
  object space 175104K, 0% used [0x00000006c0c00000,0x00000006c0c00000,0x00000006cb700000)
 Metaspace       used 5801K, capacity 5960K, committed 6144K, reserved 1056768K
  class space    used 650K, capacity 740K, committed 768K, reserved 1048576K

Card table byte_map: [0x0000000011b10000,0x0000000012310000] byte_map_base: 0x000000000e50a000

Marking Bits: (ParMarkBitMap*) 0x000000006cafd850
 Begin Bits: [0x0000000013070000, 0x0000000017040000)
 End Bits:   [0x0000000017040000, 0x000000001b010000)

Polling page: 0x0000000002490000

CodeCache: size=245760Kb used=2407Kb max_used=2407Kb free=243352Kb
 bounds [0x0000000002750000, 0x00000000029c0000, 0x0000000011750000]
 total_blobs=1231 nmethods=536 adapters=609
 compilation: enabled

Compilation events (10 events):
Event: 0.965 Thread 0x000000001e178800  532       3       java.nio.DirectByteBuffer::get (126 bytes)
Event: 0.965 Thread 0x000000001e178800 nmethod 532 0x00000000029a7f50 code [0x00000000029a8120, 0x00000000029a88c8]
Event: 0.966 Thread 0x000000001e178800  533       3       java.lang.String::lastIndexOf (11 bytes)
Event: 0.966 Thread 0x000000001e178800 nmethod 533 0x00000000029a8c10 code [0x00000000029a8d80, 0x00000000029a9008]
Event: 0.966 Thread 0x000000001e178800  534       3       java.lang.String::lastIndexOf (25 bytes)
Event: 0.966 Thread 0x000000001e178800 nmethod 534 0x00000000029a9150 code [0x00000000029a92c0, 0x00000000029a9488]
Event: 0.968 Thread 0x000000001e178800  535       3       java.lang.String::concat (47 bytes)
Event: 0.968 Thread 0x000000001e178800 nmethod 535 0x00000000029a9590 code [0x00000000029a9760, 0x00000000029a9f18]
Event: 0.968 Thread 0x000000001e178800  536       3       java.lang.String::getChars (16 bytes)
Event: 0.968 Thread 0x000000001e178800 nmethod 536 0x00000000029aa290 code [0x00000000029aa400, 0x00000000029aa608]

GC Heap History (0 events):
No events

Deoptimization events (1 events):
Event: 0.308 Thread 0x0000000002652800 Uncommon trap: reason=unstable_if action=reinterpret pc=0x0000000002928bb8 method=java.lang.String.indexOf([CII[CIII)I @ 3

Internal exceptions (10 events):
Event: 0.145 Thread 0x0000000002652800 Exception <a 'java/security/PrivilegedActionException'> (0x000000076b1cfbd8) thrown at [C:\re\workspace\8-2-build-windows-amd64-cygwin\jdk8u151\9699\hotspot\src\share\vm\prims\jvm.cpp, line 1390]
Event: 0.188 Thread 0x0000000002652800 Exception <a 'java/lang/NoSuchMethodError': java.lang.Object.lambda$static$0(Ljava/lang/String;)Ljava/lang/Boolean;> (0x000000076b2cbb00) thrown at [C:\re\workspace\8-2-build-windows-amd64-cygwin\jdk8u151\9699\hotspot\src\share\vm\interpreter\linkResolver
Event: 0.203 Thread 0x0000000002652800 Exception <a 'java/lang/NoSuchFieldError': method resolution failed> (0x000000076b343ca8) thrown at [C:\re\workspace\8-2-build-windows-amd64-cygwin\jdk8u151\9699\hotspot\src\share\vm\prims\methodHandles.cpp, line 1146]
Event: 0.205 Thread 0x0000000002652800 Exception <a 'java/lang/NoSuchFieldError': method resolution failed> (0x000000076b3510a8) thrown at [C:\re\workspace\8-2-build-windows-amd64-cygwin\jdk8u151\9699\hotspot\src\share\vm\prims\methodHandles.cpp, line 1146]
Event: 0.260 Thread 0x0000000002652800 Exception <a 'java/security/PrivilegedActionException'> (0x000000076b4d22f0) thrown at [C:\re\workspace\8-2-build-windows-amd64-cygwin\jdk8u151\9699\hotspot\src\share\vm\prims\jvm.cpp, line 1390]
Event: 0.260 Thread 0x0000000002652800 Exception <a 'java/security/PrivilegedActionException'> (0x000000076b4d2500) thrown at [C:\re\workspace\8-2-build-windows-amd64-cygwin\jdk8u151\9699\hotspot\src\share\vm\prims\jvm.cpp, line 1390]
Event: 0.261 Thread 0x0000000002652800 Exception <a 'java/security/PrivilegedActionException'> (0x000000076b4d6358) thrown at [C:\re\workspace\8-2-build-windows-amd64-cygwin\jdk8u151\9699\hotspot\src\share\vm\prims\jvm.cpp, line 1390]
Event: 0.261 Thread 0x0000000002652800 Exception <a 'java/security/PrivilegedActionException'> (0x000000076b4d6568) thrown at [C:\re\workspace\8-2-build-windows-amd64-cygwin\jdk8u151\9699\hotspot\src\share\vm\prims\jvm.cpp, line 1390]
Event: 0.967 Thread 0x0000000002652800 Exception <a 'sun/nio/fs/WindowsException'> (0x000000076b751f50) thrown at [C:\re\workspace\8-2-build-windows-amd64-cygwin\jdk8u151\9699\hotspot\src\share\vm\prims\jni.cpp, line 709]
Event: 0.967 Thread 0x0000000002652800 Exception <a 'sun/nio/fs/WindowsException'> (0x000000076b752790) thrown at [C:\re\workspace\8-2-build-windows-amd64-cygwin\jdk8u151\9699\hotspot\src\share\vm\prims\jni.cpp, line 709]

Events (10 events):
Event: 0.967 loading class java/nio/file/NoSuchFileException
Event: 0.967 loading class java/nio/file/FileSystemException
Event: 0.967 loading class java/nio/file/FileSystemException done
Event: 0.967 loading class java/nio/file/NoSuchFileException done
Event: 0.967 loading class org/lwjgl/opengl/GL$1
Event: 0.967 loading class org/lwjgl/opengl/GL$1 done
Event: 0.968 loading class org/lwjgl/opengl/GL$SharedLibraryGL
Event: 0.968 loading class org/lwjgl/opengl/GL$SharedLibraryGL done
Event: 0.968 loading class org/lwjgl/system/SharedLibrary$Delegate
Event: 0.968 loading class org/lwjgl/system/SharedLibrary$Delegate done


Dynamic libraries:
0x00007ff6309b0000 - 0x00007ff6309e7000 	C:\Program Files\Java\jre1.8.0_151\bin\javaw.exe
0x00007ffc67e10000 - 0x00007ffc67feb000 	C:\WINDOWS\SYSTEM32\ntdll.dll
0x00007ffc628f0000 - 0x00007ffc62923000 	C:\Program Files\AVAST Software\Avast\x64\aswhooka.dll
0x00007ffc676b0000 - 0x00007ffc6775e000 	C:\WINDOWS\System32\KERNEL32.DLL
0x00007ffc64e30000 - 0x00007ffc65079000 	C:\WINDOWS\System32\KERNELBASE.dll
0x00007ffc67440000 - 0x00007ffc674e1000 	C:\WINDOWS\System32\ADVAPI32.dll
0x00007ffc670f0000 - 0x00007ffc6718d000 	C:\WINDOWS\System32\msvcrt.dll
0x00007ffc67650000 - 0x00007ffc676a9000 	C:\WINDOWS\System32\sechost.dll
0x00007ffc674f0000 - 0x00007ffc67615000 	C:\WINDOWS\System32\RPCRT4.dll
0x00007ffc65370000 - 0x00007ffc654ba000 	C:\WINDOWS\System32\USER32.dll
0x00007ffc64600000 - 0x00007ffc6461e000 	C:\WINDOWS\System32\win32u.dll
0x00007ffc655a0000 - 0x00007ffc655c7000 	C:\WINDOWS\System32\GDI32.dll
0x00007ffc650d0000 - 0x00007ffc65257000 	C:\WINDOWS\System32\gdi32full.dll
0x00007ffc65260000 - 0x00007ffc652fa000 	C:\WINDOWS\System32\msvcp_win.dll
0x00007ffc64500000 - 0x00007ffc645f6000 	C:\WINDOWS\System32\ucrtbase.dll
0x00007ffc5c360000 - 0x00007ffc5c5c7000 	C:\WINDOWS\WinSxS\amd64_microsoft.windows.common-controls_6595b64144ccf1df_6.0.15063.483_none_26002d27e7c744a2\COMCTL32.dll
0x00007ffc66df0000 - 0x00007ffc670e9000 	C:\WINDOWS\System32\combase.dll
0x00007ffc65300000 - 0x00007ffc6536a000 	C:\WINDOWS\System32\bcryptPrimitives.dll
0x00007ffc67620000 - 0x00007ffc6764d000 	C:\WINDOWS\System32\IMM32.DLL
0x000000006b1c0000 - 0x000000006b292000 	C:\Program Files\Java\jre1.8.0_151\bin\msvcr100.dll
0x000000006c2e0000 - 0x000000006cb7d000 	C:\Program Files\Java\jre1.8.0_151\bin\server\jvm.dll
0x00007ffc65530000 - 0x00007ffc65538000 	C:\WINDOWS\System32\PSAPI.DLL
0x00007ffc5eb70000 - 0x00007ffc5eb79000 	C:\WINDOWS\SYSTEM32\WSOCK32.dll
0x00007ffc654c0000 - 0x00007ffc6552c000 	C:\WINDOWS\System32\WS2_32.dll
0x00007ffc60b60000 - 0x00007ffc60b83000 	C:\WINDOWS\SYSTEM32\WINMM.dll
0x00007ffc5fe40000 - 0x00007ffc5fe4a000 	C:\WINDOWS\SYSTEM32\VERSION.dll
0x00007ffc60b30000 - 0x00007ffc60b5b000 	C:\WINDOWS\SYSTEM32\WINMMBASE.dll
0x00007ffc65080000 - 0x00007ffc650c9000 	C:\WINDOWS\System32\cfgmgr32.dll
0x000000006de10000 - 0x000000006de1f000 	C:\Program Files\Java\jre1.8.0_151\bin\verify.dll
0x000000006c2b0000 - 0x000000006c2d9000 	C:\Program Files\Java\jre1.8.0_151\bin\java.dll
0x000000006c290000 - 0x000000006c2a6000 	C:\Program Files\Java\jre1.8.0_151\bin\zip.dll
0x00007ffc655d0000 - 0x00007ffc66a06000 	C:\WINDOWS\System32\SHELL32.dll
0x00007ffc66b60000 - 0x00007ffc66c0a000 	C:\WINDOWS\System32\shcore.dll
0x00007ffc64620000 - 0x00007ffc64d11000 	C:\WINDOWS\System32\windows.storage.dll
0x00007ffc67cb0000 - 0x00007ffc67d01000 	C:\WINDOWS\System32\shlwapi.dll
0x00007ffc64310000 - 0x00007ffc64321000 	C:\WINDOWS\System32\kernel.appcore.dll
0x00007ffc642c0000 - 0x00007ffc6430c000 	C:\WINDOWS\System32\powrprof.dll
0x00007ffc64280000 - 0x00007ffc64295000 	C:\WINDOWS\System32\profapi.dll
0x000000006c270000 - 0x000000006c28a000 	C:\Program Files\Java\jre1.8.0_151\bin\net.dll
0x00007ffc63b90000 - 0x00007ffc63bec000 	C:\WINDOWS\system32\mswsock.dll
0x000000006c250000 - 0x000000006c261000 	C:\Program Files\Java\jre1.8.0_151\bin\nio.dll
0x00007ffc22f80000 - 0x00007ffc22fd7000 	C:\Users\Tyler Storr\AppData\Local\Temp\lwjglTyler Storr\3.1.2-build-29\lwjgl.dll
0x00007ffc5d530000 - 0x00007ffc5d56c000 	C:\Users\TYLERS~1\AppData\Local\Temp\lwjglTyler Storr\3.1.2-build-29\jemalloc.dll
0x00007ffc22b10000 - 0x00007ffc22b4d000 	C:\Users\TYLERS~1\AppData\Local\Temp\lwjglTyler Storr\3.1.2-build-29\glfw.dll
0x00007ffc62a70000 - 0x00007ffc62b05000 	C:\WINDOWS\system32\uxtheme.dll
0x00007ffc22590000 - 0x00007ffc225d2000 	C:\WINDOWS\SYSTEM32\dinput8.dll
0x00007ffc62780000 - 0x00007ffc6278e000 	C:\WINDOWS\SYSTEM32\xinput1_4.dll
0x00007ffc62ea0000 - 0x00007ffc62ec8000 	C:\WINDOWS\SYSTEM32\DEVOBJ.dll
0x00007ffc607e0000 - 0x00007ffc6080a000 	C:\WINDOWS\SYSTEM32\dwmapi.dll
0x00007ffc67190000 - 0x00007ffc672f6000 	C:\WINDOWS\System32\MSCTF.dll
0x00007ffc67300000 - 0x00007ffc673c0000 	C:\WINDOWS\System32\OLEAUT32.dll
0x00007ffc63140000 - 0x00007ffc6314d000 	C:\WINDOWS\SYSTEM32\HID.DLL
0x00007ffc67760000 - 0x00007ffc67b9b000 	C:\WINDOWS\System32\SETUPAPI.DLL
0x00007ffc64d20000 - 0x00007ffc64d76000 	C:\WINDOWS\System32\WINTRUST.dll
0x00007ffc642a0000 - 0x00007ffc642b1000 	C:\WINDOWS\System32\MSASN1.dll
0x00007ffc64330000 - 0x00007ffc644f9000 	C:\WINDOWS\System32\CRYPT32.dll
0x00007ffc63490000 - 0x00007ffc634c1000 	C:\WINDOWS\SYSTEM32\ntmarta.dll
0x00007ffc58b60000 - 0x00007ffc58c81000 	C:\WINDOWS\SYSTEM32\opengl32.dll
0x00007ffc5c140000 - 0x00007ffc5c16c000 	C:\WINDOWS\SYSTEM32\GLU32.dll
0x0000000068ef0000 - 0x000000006b1b7000 	C:\WINDOWS\SYSTEM32\nvoglv64.DLL
0x00007ffc66a10000 - 0x00007ffc66b55000 	C:\WINDOWS\System32\ole32.dll
0x00007ffc60c70000 - 0x00007ffc60c83000 	C:\WINDOWS\SYSTEM32\WTSAPI32.dll
0x00007ffc59f80000 - 0x00007ffc5a13d000 	C:\WINDOWS\system32\nvspcap64.dll
0x00007ffc63500000 - 0x00007ffc63555000 	C:\WINDOWS\SYSTEM32\WINSTA.dll
0x00007ffc5f540000 - 0x00007ffc5f5c2000 	C:\WINDOWS\System32\TextInputFramework.dll
0x00007ffc5f990000 - 0x00007ffc5fc62000 	C:\WINDOWS\System32\CoreUIComponents.dll
0x00007ffc62210000 - 0x00007ffc622f3000 	C:\WINDOWS\System32\CoreMessaging.dll
0x00007ffc608d0000 - 0x00007ffc60a09000 	C:\WINDOWS\SYSTEM32\wintypes.dll
0x00007ffc61490000 - 0x00007ffc614a5000 	C:\WINDOWS\SYSTEM32\usermgrcli.dll
0x00007ffc22530000 - 0x00007ffc2258c000 	C:\Users\Tyler Storr\AppData\Local\Temp\lwjglTyler Storr\3.1.2-build-29\lwjgl_opengl.dll
0x00007ffc4b650000 - 0x00007ffc4b7f9000 	C:\WINDOWS\SYSTEM32\dbghelp.dll

VM Arguments:
jvm_args: -Dfile.encoding=Cp1252 
java_command: boundary.gameData.MainGameLoop
java_class_path (initial): C:\Program Files\Java\jre1.8.0_151\lib\resources.jar;C:\Program Files\Java\jre1.8.0_151\lib\rt.jar;C:\Program Files\Java\jre1.8.0_151\lib\jsse.jar;C:\Program Files\Java\jre1.8.0_151\lib\jce.jar;C:\Program Files\Java\jre1.8.0_151\lib\charsets.jar;C:\Program Files\Java\jre1.8.0_151\lib\jfr.jar;C:\Program Files\Java\jre1.8.0_151\lib\ext\access-bridge-64.jar;C:\Program Files\Java\jre1.8.0_151\lib\ext\cldrdata.jar;C:\Program Files\Java\jre1.8.0_151\lib\ext\dnsns.jar;C:\Program Files\Java\jre1.8.0_151\lib\ext\jaccess.jar;C:\Program Files\Java\jre1.8.0_151\lib\ext\jfxrt.jar;C:\Program Files\Java\jre1.8.0_151\lib\ext\localedata.jar;C:\Program Files\Java\jre1.8.0_151\lib\ext\nashorn.jar;C:\Program Files\Java\jre1.8.0_151\lib\ext\sunec.jar;C:\Program Files\Java\jre1.8.0_151\lib\ext\sunjce_provider.jar;C:\Program Files\Java\jre1.8.0_151\lib\ext\sunmscapi.jar;C:\Program Files\Java\jre1.8.0_151\lib\ext\sunpkcs11.jar;C:\Program Files\Java\jre1.8.0_151\lib\ext\zipfs.jar;G:\eclipse Projects\22ndlife\target\classes;C:\Program Files\eclipse\plugins\org.junit.jupiter.api_5.0.0.v20170910-2246.jar;C:\Program Files\eclipse\plugins\org.junit.jupiter.engine_5.0.0.v20170910-2246.jar;C:\Program Files\eclipse\plugins\org.junit.jupiter.migrationsupport_5.0.0.v20170910-2246.jar;C:\Program Files\eclipse\plugins\org.junit.jupiter.params_5.0.0.v20170910-2246.jar;C:\Program Files\eclipse\plugins\org.junit.platform.commons_1.0.0.v20170910-2246.jar;C:\Program Files\eclipse\plugins\org.junit.platform.engine_1.0.0.v20170910-2246.jar;C:\Program Files\eclipse\plugins\org.junit.platform.launcher_1.0.0.v20170910-2246.jar;C:\Program Files\eclipse\plugins\org.junit.platform.runner_1.0.0.v20170910-2246.jar;C:\Program Files\eclipse\plugins\org.junit.platform.suite.api_1.0.0.v20170910-2246.jar;C:\Program Files\eclipse\plugins\org.junit.vintage.engine_4.12.0.v20170910-2246.jar;C:\Program Files\eclipse\plugins\org.opentest4j_1.0.0.v20170910-2246.jar;C:\Program Files\eclipse\plugins\or
Launcher Type: SUN_STANDARD

Environment Variables:
PATH=C:/Program Files/Java/jre1.8.0_151/bin/server;C:/Program Files/Java/jre1.8.0_151/bin;C:/Program Files/Java/jre1.8.0_151/lib/amd64;C:\Program Files\Oculus\Support\oculus-runtime;C:\ProgramData\Oracle\Java\javapath;C:\WINDOWS\system32;C:\WINDOWS;C:\WINDOWS\System32\Wbem;C:\WINDOWS\System32\WindowsPowerShell\v1.0\;C:\Program Files (x86)\NVIDIA Corporation\PhysX\Common;C:\Program Files (x86)\Skype\Phone\;C:\Program Files\Microsoft SQL Server\Client SDK\ODBC\110\Tools\Binn\;C:\Program Files (x86)\Microsoft SQL Server\120\Tools\Binn\;C:\Program Files\Microsoft SQL Server\120\Tools\Binn\;C:\Program Files\Microsoft SQL Server\120\DTS\Binn\;C:\Program Files (x86)\Windows Kits\8.1\Windows Performance Toolkit\;C:\WINDOWS\system32;C:\WINDOWS;C:\WINDOWS\System32\Wbem;C:\WINDOWS\System32\WindowsPowerShell\v1.0\;F:\Program Files\Git\cmd;C:\Users\Tyler Storr\AppData\Local\Microsoft\WindowsApps;;C:\Program Files\eclipse;
USERNAME=Tyler Storr
OS=Windows_NT
PROCESSOR_IDENTIFIER=AMD64 Family 21 Model 1 Stepping 2, AuthenticAMD



---------------  S Y S T E M  ---------------

OS: Windows 10.0 , 64 bit Build 15063 (10.0.15063.296)

CPU:total 8 (initial active 8) (8 cores per cpu, 1 threads per core) family 21 model 1 stepping 2, cmov, cx8, fxsr, mmx, sse, sse2, sse3, ssse3, sse4.1, sse4.2, popcnt, avx, aes, clmul, mmxext, 3dnowpref, lzcnt, sse4a, tsc, tscinvbit, tscinv

Memory: 4k page, physical 16721224k(8837600k free), swap 19473736k(8669060k free)

vm_info: Java HotSpot(TM) 64-Bit Server VM (25.151-b12) for windows-amd64 JRE (1.8.0_151-b12), built on Sep  5 2017 19:33:46 by "java_re" with MS VC++ 10.0 (VS2010)

time: Mon Nov 13 20:17:47 2017
elapsed time: 0 seconds (0d 0h 0m 0s)

