#
# A fatal error has been detected by the Java Runtime Environment:
#
#  EXCEPTION_ACCESS_VIOLATION (0xc0000005) at pc=0x00007ffc22f8844d, pid=8440, tid=0x0000000000003884
#
# JRE version: Java(TM) SE Runtime Environment (8.0_151-b12) (build 1.8.0_151-b12)
# Java VM: Java HotSpot(TM) 64-Bit Server VM (25.151-b12 mixed mode windows-amd64 compressed oops)
# Problematic frame:
# C  [lwjgl_opengl.dll+0x844d]
#
# Failed to write core dump. Minidumps are not enabled by default on client versions of Windows
#
# If you would like to submit a bug report, please visit:
#   http://bugreport.java.com/bugreport/crash.jsp
# The crash happened outside the Java Virtual Machine in native code.
# See problematic frame for where to report the bug.
#

---------------  T H R E A D  ---------------

Current thread (0x0000000002763800):  JavaThread "main" [_thread_in_native, id=14468, stack(0x0000000002660000,0x0000000002760000)]

siginfo: ExceptionCode=0xc0000005, reading address 0x0000000000000f18

Registers:
RAX=0x000000006ca81d50, RBX=0x000000001be45210, RCX=0x0000000000000001, RDX=0x000000001f8354bc
RSP=0x000000000275f4c8, RBP=0x000000000275f548, RSI=0x0000000000000610, RDI=0x0000000002867f10
R8 =0x0000000000000001, R9 =0x000000001f8354bc, R10=0x0000000000000000, R11=0x000000006c50b4d0
R12=0x0000000000000000, R13=0x000000001be45210, R14=0x000000000275f578, R15=0x0000000002763800
RIP=0x00007ffc22f8844d, EFLAGS=0x0000000000010202

Top of Stack: (sp=0x000000000275f4c8)
0x000000000275f4c8:   00000000028809cc 0000000002867f10
0x000000000275f4d8:   000000000288042b 0000000002763800
0x000000000275f4e8:   000000001be45210 0000000000000610
0x000000000275f4f8:   0000000002763800 00000000028803e2
0x000000000275f508:   000000000275f508 000000001be45210
0x000000000275f518:   000000000275f578 000000001be47950
0x000000000275f528:   0000000000000000 000000001be45210
0x000000000275f538:   0000000000000000 000000000275f568
0x000000000275f548:   000000000275f5c0 00000000028683fd
0x000000000275f558:   000000076b85a9e0 00000000028771b8
0x000000000275f568:   000000001f8354bc 000000076b8a9ea8
0x000000000275f578:   0000000000000001 000000000275f580
0x000000000275f588:   000000001be45364 000000000275f5f0
0x000000000275f598:   000000001be47950 0000000000000000
0x000000000275f5a8:   000000001be453c8 000000000275f568
0x000000000275f5b8:   000000000275f5f8 000000000275f638 

Instructions: (pc=0x00007ffc22f8844d)
0x00007ffc22f8842d:   49 ff a2 f0 09 00 00 cc cc cc cc cc cc cc cc cc
0x00007ffc22f8843d:   cc cc cc 48 8b 01 49 8b d1 41 8b c8 4c 8b 50 18
0x00007ffc22f8844d:   49 ff a2 18 0f 00 00 cc cc cc cc cc cc cc cc cc
0x00007ffc22f8845d:   cc cc cc 48 8b 01 48 8b 48 18 48 8b 81 c0 1b 00 


Register to memory mapping:

RAX=0x000000006ca81d50 is an unknown value
RBX={method} {0x000000001be45218} 'nglGenVertexArrays' '(IJ)V' in 'org/lwjgl/opengl/GL30'
RCX=0x0000000000000001 is an unknown value
RDX=0x000000001f8354bc is an unknown value
RSP=0x000000000275f4c8 is pointing into the stack for thread: 0x0000000002763800
RBP=0x000000000275f548 is pointing into the stack for thread: 0x0000000002763800
RSI=0x0000000000000610 is an unknown value
RDI=0x0000000002867f10 is at code_begin+1040 in an Interpreter codelet
invoke return entry points  [0x0000000002867b00, 0x00000000028684e0]  2528 bytes
R8 =0x0000000000000001 is an unknown value
R9 =0x000000001f8354bc is an unknown value
R10=0x0000000000000000 is an unknown value
R11=0x000000006c50b4d0 is an unknown value
R12=0x0000000000000000 is an unknown value
R13={method} {0x000000001be45218} 'nglGenVertexArrays' '(IJ)V' in 'org/lwjgl/opengl/GL30'
R14=0x000000000275f578 is pointing into the stack for thread: 0x0000000002763800
R15=0x0000000002763800 is a thread


Stack: [0x0000000002660000,0x0000000002760000],  sp=0x000000000275f4c8,  free space=1021k
Native frames: (J=compiled Java code, j=interpreted, Vv=VM code, C=native code)
C  [lwjgl_opengl.dll+0x844d]

Java frames: (J=compiled Java code, j=interpreted, Vv=VM code)
j  org.lwjgl.opengl.GL30.nglGenVertexArrays(IJ)V+0
j  org.lwjgl.opengl.GL30.glGenVertexArrays()I+20
j  boundary.renderEngine.Loader.createVAO()I+0
j  boundary.renderEngine.Loader.loadToVAO([F)Lboundary/models/RawModel;+1
j  boundary.renderEngine.DisplayManager.loop()V+98
j  boundary.gameData.MainGameLoop.main([Ljava/lang/String;)V+13
v  ~StubRoutines::call_stub

---------------  P R O C E S S  ---------------

Java Threads: ( => current thread )
  0x000000001e2e1800 JavaThread "Service Thread" daemon [_thread_blocked, id=13172, stack(0x000000001f500000,0x000000001f600000)]
  0x000000001e24e800 JavaThread "C1 CompilerThread3" daemon [_thread_blocked, id=15972, stack(0x000000001f400000,0x000000001f500000)]
  0x000000001e24d800 JavaThread "C2 CompilerThread2" daemon [_thread_blocked, id=448, stack(0x000000001f300000,0x000000001f400000)]
  0x000000001e24d000 JavaThread "C2 CompilerThread1" daemon [_thread_blocked, id=8308, stack(0x000000001f200000,0x000000001f300000)]
  0x000000001e242800 JavaThread "C2 CompilerThread0" daemon [_thread_blocked, id=9284, stack(0x000000001f100000,0x000000001f200000)]
  0x000000001e238000 JavaThread "JDWP Command Reader" daemon [_thread_in_native, id=9012, stack(0x000000001f000000,0x000000001f100000)]
  0x000000001e234800 JavaThread "JDWP Event Helper Thread" daemon [_thread_blocked, id=4748, stack(0x000000001ef00000,0x000000001f000000)]
  0x000000001e226800 JavaThread "JDWP Transport Listener: dt_socket" daemon [_thread_blocked, id=13004, stack(0x000000001ee00000,0x000000001ef00000)]
  0x000000001e21b000 JavaThread "Attach Listener" daemon [_thread_blocked, id=16140, stack(0x000000001e8e0000,0x000000001e9e0000)]
  0x000000001e21a000 JavaThread "Signal Dispatcher" daemon [_thread_blocked, id=13196, stack(0x000000001e7e0000,0x000000001e8e0000)]
  0x000000001e210800 JavaThread "Finalizer" daemon [_thread_blocked, id=11464, stack(0x000000001e5f0000,0x000000001e6f0000)]
  0x000000000285a000 JavaThread "Reference Handler" daemon [_thread_blocked, id=948, stack(0x000000001e0f0000,0x000000001e1f0000)]
=>0x0000000002763800 JavaThread "main" [_thread_in_native, id=14468, stack(0x0000000002660000,0x0000000002760000)]

Other Threads:
  0x000000001c30a000 VMThread [stack: 0x000000001dff0000,0x000000001e0f0000] [id=6572]
  0x000000001e2ea000 WatcherThread [stack: 0x000000001f600000,0x000000001f700000] [id=696]

VM state:not at safepoint (normal execution)

VM Mutex/Monitor currently owned by a thread: None

Heap:
 PSYoungGen      total 76288K, used 10486K [0x000000076af00000, 0x0000000770400000, 0x00000007c0000000)
  eden space 65536K, 16% used [0x000000076af00000,0x000000076b93d900,0x000000076ef00000)
  from space 10752K, 0% used [0x000000076f980000,0x000000076f980000,0x0000000770400000)
  to   space 10752K, 0% used [0x000000076ef00000,0x000000076ef00000,0x000000076f980000)
 ParOldGen       total 175104K, used 0K [0x00000006c0c00000, 0x00000006cb700000, 0x000000076af00000)
  object space 175104K, 0% used [0x00000006c0c00000,0x00000006c0c00000,0x00000006cb700000)
 Metaspace       used 5884K, capacity 6100K, committed 6144K, reserved 1056768K
  class space    used 650K, capacity 740K, committed 768K, reserved 1048576K

Card table byte_map: [0x0000000011c20000,0x0000000012420000] byte_map_base: 0x000000000e61a000

Marking Bits: (ParMarkBitMap*) 0x000000006cafd850
 Begin Bits: [0x0000000013180000, 0x0000000017150000)
 End Bits:   [0x0000000017150000, 0x000000001b120000)

Polling page: 0x0000000000ef0000

CodeCache: size=245760Kb used=2446Kb max_used=2460Kb free=243313Kb
 bounds [0x0000000002860000, 0x0000000002ad0000, 0x0000000011860000]
 total_blobs=1220 nmethods=533 adapters=609
 compilation: enabled

Compilation events (10 events):
Event: 73.528 Thread 0x000000001e24e800  531       3       java.nio.DirectByteBuffer::get (126 bytes)
Event: 73.529 Thread 0x000000001e24e800 nmethod 531 0x0000000002ac0810 code [0x0000000002ac0a00, 0x0000000002ac11e8]
Event: 73.534 Thread 0x000000001e24e800  532       3       java.lang.String::lastIndexOf (11 bytes)
Event: 73.535 Thread 0x000000001e24e800 nmethod 532 0x0000000002ac15d0 code [0x0000000002ac1740, 0x0000000002ac19e8]
Event: 73.535 Thread 0x000000001e24e800  533       3       java.lang.String::lastIndexOf (25 bytes)
Event: 73.535 Thread 0x000000001e24e800 nmethod 533 0x0000000002ac1b50 code [0x0000000002ac1cc0, 0x0000000002ac1e88]
Event: 73.537 Thread 0x000000001e24e800  534       3       java.lang.String::concat (47 bytes)
Event: 73.537 Thread 0x000000001e24e800 nmethod 534 0x0000000002ac1f90 code [0x0000000002ac2160, 0x0000000002ac2958]
Event: 73.537 Thread 0x000000001e24e800  535       3       java.lang.String::getChars (16 bytes)
Event: 73.537 Thread 0x000000001e24e800 nmethod 535 0x0000000002ac2d10 code [0x0000000002ac2e80, 0x0000000002ac30a8]

GC Heap History (0 events):
No events

Deoptimization events (1 events):
Event: 8.577 Thread 0x0000000002763800 Uncommon trap: reason=unstable_if action=reinterpret pc=0x0000000002a3cc50 method=java.lang.String.indexOf([CII[CIII)I @ 3

Internal exceptions (10 events):
Event: 8.401 Thread 0x0000000002763800 Exception <a 'java/security/PrivilegedActionException'> (0x000000076b318b48) thrown at [C:\re\workspace\8-2-build-windows-amd64-cygwin\jdk8u151\9699\hotspot\src\share\vm\prims\jvm.cpp, line 1390]
Event: 8.446 Thread 0x0000000002763800 Exception <a 'java/lang/NoSuchMethodError': java.lang.Object.lambda$static$0(Ljava/lang/String;)Ljava/lang/Boolean;> (0x000000076b4148c0) thrown at [C:\re\workspace\8-2-build-windows-amd64-cygwin\jdk8u151\9699\hotspot\src\share\vm\interpreter\linkResolver
Event: 8.464 Thread 0x0000000002763800 Exception <a 'java/lang/NoSuchFieldError': method resolution failed> (0x000000076b48c710) thrown at [C:\re\workspace\8-2-build-windows-amd64-cygwin\jdk8u151\9699\hotspot\src\share\vm\prims\methodHandles.cpp, line 1146]
Event: 8.467 Thread 0x0000000002763800 Exception <a 'java/lang/NoSuchFieldError': method resolution failed> (0x000000076b499b10) thrown at [C:\re\workspace\8-2-build-windows-amd64-cygwin\jdk8u151\9699\hotspot\src\share\vm\prims\methodHandles.cpp, line 1146]
Event: 8.528 Thread 0x0000000002763800 Exception <a 'java/security/PrivilegedActionException'> (0x000000076b61ab48) thrown at [C:\re\workspace\8-2-build-windows-amd64-cygwin\jdk8u151\9699\hotspot\src\share\vm\prims\jvm.cpp, line 1390]
Event: 8.528 Thread 0x0000000002763800 Exception <a 'java/security/PrivilegedActionException'> (0x000000076b61ad58) thrown at [C:\re\workspace\8-2-build-windows-amd64-cygwin\jdk8u151\9699\hotspot\src\share\vm\prims\jvm.cpp, line 1390]
Event: 8.529 Thread 0x0000000002763800 Exception <a 'java/security/PrivilegedActionException'> (0x000000076b61ebb0) thrown at [C:\re\workspace\8-2-build-windows-amd64-cygwin\jdk8u151\9699\hotspot\src\share\vm\prims\jvm.cpp, line 1390]
Event: 8.529 Thread 0x0000000002763800 Exception <a 'java/security/PrivilegedActionException'> (0x000000076b61edc0) thrown at [C:\re\workspace\8-2-build-windows-amd64-cygwin\jdk8u151\9699\hotspot\src\share\vm\prims\jvm.cpp, line 1390]
Event: 73.535 Thread 0x0000000002763800 Exception <a 'sun/nio/fs/WindowsException'> (0x000000076b89a208) thrown at [C:\re\workspace\8-2-build-windows-amd64-cygwin\jdk8u151\9699\hotspot\src\share\vm\prims\jni.cpp, line 709]
Event: 73.536 Thread 0x0000000002763800 Exception <a 'sun/nio/fs/WindowsException'> (0x000000076b89aa48) thrown at [C:\re\workspace\8-2-build-windows-amd64-cygwin\jdk8u151\9699\hotspot\src\share\vm\prims\jni.cpp, line 709]

Events (10 events):
Event: 73.537 Thread 0x0000000002763800 DEOPT PACKING pc=0x0000000002a112e4 sp=0x000000000275aae0
Event: 73.537 Thread 0x0000000002763800 DEOPT UNPACKING pc=0x00000000028a747f sp=0x000000000275a900 mode 1
Event: 73.537 Thread 0x0000000002763800 DEOPT PACKING pc=0x0000000002a1107c sp=0x000000000275ac70
Event: 73.537 Thread 0x0000000002763800 DEOPT UNPACKING pc=0x00000000028a747f sp=0x000000000275aa90 mode 1
Event: 73.537 loading class org/lwjgl/system/SharedLibrary$Delegate
Event: 73.537 loading class org/lwjgl/system/SharedLibrary$Delegate done
Event: 73.537 Thread 0x0000000002763800 DEOPT PACKING pc=0x0000000002a112e4 sp=0x00000000027585c0
Event: 73.537 Thread 0x0000000002763800 DEOPT UNPACKING pc=0x00000000028a747f sp=0x00000000027583e0 mode 1
Event: 73.537 Thread 0x0000000002763800 DEOPT PACKING pc=0x0000000002a1107c sp=0x0000000002758750
Event: 73.537 Thread 0x0000000002763800 DEOPT UNPACKING pc=0x00000000028a747f sp=0x0000000002758570 mode 1


Dynamic libraries:
0x00007ff6309b0000 - 0x00007ff6309e7000 	C:\Program Files\Java\jre1.8.0_151\bin\javaw.exe
0x00007ffc67e10000 - 0x00007ffc67feb000 	C:\WINDOWS\SYSTEM32\ntdll.dll
0x00007ffc628f0000 - 0x00007ffc62923000 	C:\Program Files\AVAST Software\Avast\x64\aswhooka.dll
0x00007ffc676b0000 - 0x00007ffc6775e000 	C:\WINDOWS\System32\KERNEL32.DLL
0x00007ffc64e30000 - 0x00007ffc65079000 	C:\WINDOWS\System32\KERNELBASE.dll
0x00007ffc67440000 - 0x00007ffc674e1000 	C:\WINDOWS\System32\ADVAPI32.dll
0x00007ffc670f0000 - 0x00007ffc6718d000 	C:\WINDOWS\System32\msvcrt.dll
0x00007ffc67650000 - 0x00007ffc676a9000 	C:\WINDOWS\System32\sechost.dll
0x00007ffc674f0000 - 0x00007ffc67615000 	C:\WINDOWS\System32\RPCRT4.dll
0x00007ffc65370000 - 0x00007ffc654ba000 	C:\WINDOWS\System32\USER32.dll
0x00007ffc64600000 - 0x00007ffc6461e000 	C:\WINDOWS\System32\win32u.dll
0x00007ffc655a0000 - 0x00007ffc655c7000 	C:\WINDOWS\System32\GDI32.dll
0x00007ffc650d0000 - 0x00007ffc65257000 	C:\WINDOWS\System32\gdi32full.dll
0x00007ffc65260000 - 0x00007ffc652fa000 	C:\WINDOWS\System32\msvcp_win.dll
0x00007ffc64500000 - 0x00007ffc645f6000 	C:\WINDOWS\System32\ucrtbase.dll
0x00007ffc5c360000 - 0x00007ffc5c5c7000 	C:\WINDOWS\WinSxS\amd64_microsoft.windows.common-controls_6595b64144ccf1df_6.0.15063.483_none_26002d27e7c744a2\COMCTL32.dll
0x00007ffc66df0000 - 0x00007ffc670e9000 	C:\WINDOWS\System32\combase.dll
0x00007ffc65300000 - 0x00007ffc6536a000 	C:\WINDOWS\System32\bcryptPrimitives.dll
0x00007ffc67620000 - 0x00007ffc6764d000 	C:\WINDOWS\System32\IMM32.DLL
0x000000006b1c0000 - 0x000000006b292000 	C:\Program Files\Java\jre1.8.0_151\bin\msvcr100.dll
0x000000006c2e0000 - 0x000000006cb7d000 	C:\Program Files\Java\jre1.8.0_151\bin\server\jvm.dll
0x00007ffc65530000 - 0x00007ffc65538000 	C:\WINDOWS\System32\PSAPI.DLL
0x00007ffc5eb70000 - 0x00007ffc5eb79000 	C:\WINDOWS\SYSTEM32\WSOCK32.dll
0x00007ffc654c0000 - 0x00007ffc6552c000 	C:\WINDOWS\System32\WS2_32.dll
0x00007ffc60b60000 - 0x00007ffc60b83000 	C:\WINDOWS\SYSTEM32\WINMM.dll
0x00007ffc5fe40000 - 0x00007ffc5fe4a000 	C:\WINDOWS\SYSTEM32\VERSION.dll
0x00007ffc60b30000 - 0x00007ffc60b5b000 	C:\WINDOWS\SYSTEM32\WINMMBASE.dll
0x00007ffc65080000 - 0x00007ffc650c9000 	C:\WINDOWS\System32\cfgmgr32.dll
0x000000006de10000 - 0x000000006de1f000 	C:\Program Files\Java\jre1.8.0_151\bin\verify.dll
0x000000006c2b0000 - 0x000000006c2d9000 	C:\Program Files\Java\jre1.8.0_151\bin\java.dll
0x000000006b180000 - 0x000000006b1b5000 	C:\Program Files\Java\jre1.8.0_151\bin\jdwp.dll
0x000000006b170000 - 0x000000006b178000 	C:\Program Files\Java\jre1.8.0_151\bin\npt.dll
0x000000006c290000 - 0x000000006c2a6000 	C:\Program Files\Java\jre1.8.0_151\bin\zip.dll
0x00007ffc655d0000 - 0x00007ffc66a06000 	C:\WINDOWS\System32\SHELL32.dll
0x00007ffc66b60000 - 0x00007ffc66c0a000 	C:\WINDOWS\System32\shcore.dll
0x00007ffc64620000 - 0x00007ffc64d11000 	C:\WINDOWS\System32\windows.storage.dll
0x00007ffc67cb0000 - 0x00007ffc67d01000 	C:\WINDOWS\System32\shlwapi.dll
0x00007ffc64310000 - 0x00007ffc64321000 	C:\WINDOWS\System32\kernel.appcore.dll
0x00007ffc642c0000 - 0x00007ffc6430c000 	C:\WINDOWS\System32\powrprof.dll
0x00007ffc64280000 - 0x00007ffc64295000 	C:\WINDOWS\System32\profapi.dll
0x000000006b160000 - 0x000000006b169000 	C:\Program Files\Java\jre1.8.0_151\bin\dt_socket.dll
0x00007ffc47410000 - 0x00007ffc47426000 	C:\WINDOWS\system32\napinsp.dll
0x00007ffc45320000 - 0x00007ffc4533a000 	C:\WINDOWS\system32\pnrpnsp.dll
0x00007ffc62430000 - 0x00007ffc62448000 	C:\WINDOWS\system32\NLAapi.dll
0x00007ffc63b90000 - 0x00007ffc63bec000 	C:\WINDOWS\System32\mswsock.dll
0x00007ffc63970000 - 0x00007ffc63a14000 	C:\WINDOWS\SYSTEM32\DNSAPI.dll
0x00007ffc66c10000 - 0x00007ffc66c18000 	C:\WINDOWS\System32\NSI.dll
0x00007ffc63930000 - 0x00007ffc63967000 	C:\WINDOWS\SYSTEM32\IPHLPAPI.DLL
0x00007ffc45310000 - 0x00007ffc4531e000 	C:\WINDOWS\System32\winrnr.dll
0x000000006e260000 - 0x000000006e286000 	C:\Program Files\Bonjour\mdnsNSP.dll
0x00007ffc5f920000 - 0x00007ffc5f98b000 	C:\WINDOWS\System32\fwpuclnt.dll
0x00007ffc63e40000 - 0x00007ffc63e65000 	C:\WINDOWS\SYSTEM32\bcrypt.dll
0x00007ffc5f3c0000 - 0x00007ffc5f3ca000 	C:\Windows\System32\rasadhlp.dll
0x000000006c270000 - 0x000000006c28a000 	C:\Program Files\Java\jre1.8.0_151\bin\net.dll
0x000000006c250000 - 0x000000006c261000 	C:\Program Files\Java\jre1.8.0_151\bin\nio.dll
0x00007ffc45200000 - 0x00007ffc45257000 	C:\Users\Tyler Storr\AppData\Local\Temp\lwjglTyler Storr\3.1.2-build-29\lwjgl.dll
0x00007ffc5d530000 - 0x00007ffc5d56c000 	C:\Users\TYLERS~1\AppData\Local\Temp\lwjglTyler Storr\3.1.2-build-29\jemalloc.dll
0x00007ffc401d0000 - 0x00007ffc4020d000 	C:\Users\TYLERS~1\AppData\Local\Temp\lwjglTyler Storr\3.1.2-build-29\glfw.dll
0x00007ffc62a70000 - 0x00007ffc62b05000 	C:\WINDOWS\system32\uxtheme.dll
0x00007ffc22fe0000 - 0x00007ffc23022000 	C:\WINDOWS\SYSTEM32\dinput8.dll
0x00007ffc62780000 - 0x00007ffc6278e000 	C:\WINDOWS\SYSTEM32\xinput1_4.dll
0x00007ffc62ea0000 - 0x00007ffc62ec8000 	C:\WINDOWS\SYSTEM32\DEVOBJ.dll
0x00007ffc607e0000 - 0x00007ffc6080a000 	C:\WINDOWS\SYSTEM32\dwmapi.dll
0x00007ffc67190000 - 0x00007ffc672f6000 	C:\WINDOWS\System32\MSCTF.dll
0x00007ffc67300000 - 0x00007ffc673c0000 	C:\WINDOWS\System32\OLEAUT32.dll
0x00007ffc63140000 - 0x00007ffc6314d000 	C:\WINDOWS\SYSTEM32\HID.DLL
0x00007ffc67760000 - 0x00007ffc67b9b000 	C:\WINDOWS\System32\SETUPAPI.DLL
0x00007ffc64d20000 - 0x00007ffc64d76000 	C:\WINDOWS\System32\WINTRUST.dll
0x00007ffc642a0000 - 0x00007ffc642b1000 	C:\WINDOWS\System32\MSASN1.dll
0x00007ffc64330000 - 0x00007ffc644f9000 	C:\WINDOWS\System32\CRYPT32.dll
0x00007ffc63490000 - 0x00007ffc634c1000 	C:\WINDOWS\SYSTEM32\ntmarta.dll
0x00007ffc58b60000 - 0x00007ffc58c81000 	C:\WINDOWS\SYSTEM32\opengl32.dll
0x00007ffc5c140000 - 0x00007ffc5c16c000 	C:\WINDOWS\SYSTEM32\GLU32.dll
0x0000000068e90000 - 0x000000006b157000 	C:\WINDOWS\SYSTEM32\nvoglv64.DLL
0x00007ffc66a10000 - 0x00007ffc66b55000 	C:\WINDOWS\System32\ole32.dll
0x00007ffc60c70000 - 0x00007ffc60c83000 	C:\WINDOWS\SYSTEM32\WTSAPI32.dll
0x00007ffc59f80000 - 0x00007ffc5a13d000 	C:\WINDOWS\system32\nvspcap64.dll
0x00007ffc63500000 - 0x00007ffc63555000 	C:\WINDOWS\SYSTEM32\WINSTA.dll
0x00007ffc22f80000 - 0x00007ffc22fdc000 	C:\Users\Tyler Storr\AppData\Local\Temp\lwjglTyler Storr\3.1.2-build-29\lwjgl_opengl.dll
0x00007ffc4b650000 - 0x00007ffc4b7f9000 	C:\WINDOWS\SYSTEM32\dbghelp.dll

VM Arguments:
jvm_args: -agentlib:jdwp=transport=dt_socket,suspend=y,address=localhost:55438 -Dfile.encoding=Cp1252 
java_command: boundary.gameData.MainGameLoop
java_class_path (initial): C:\Program Files\Java\jre1.8.0_151\lib\resources.jar;C:\Program Files\Java\jre1.8.0_151\lib\rt.jar;C:\Program Files\Java\jre1.8.0_151\lib\jsse.jar;C:\Program Files\Java\jre1.8.0_151\lib\jce.jar;C:\Program Files\Java\jre1.8.0_151\lib\charsets.jar;C:\Program Files\Java\jre1.8.0_151\lib\jfr.jar;C:\Program Files\Java\jre1.8.0_151\lib\ext\access-bridge-64.jar;C:\Program Files\Java\jre1.8.0_151\lib\ext\cldrdata.jar;C:\Program Files\Java\jre1.8.0_151\lib\ext\dnsns.jar;C:\Program Files\Java\jre1.8.0_151\lib\ext\jaccess.jar;C:\Program Files\Java\jre1.8.0_151\lib\ext\jfxrt.jar;C:\Program Files\Java\jre1.8.0_151\lib\ext\localedata.jar;C:\Program Files\Java\jre1.8.0_151\lib\ext\nashorn.jar;C:\Program Files\Java\jre1.8.0_151\lib\ext\sunec.jar;C:\Program Files\Java\jre1.8.0_151\lib\ext\sunjce_provider.jar;C:\Program Files\Java\jre1.8.0_151\lib\ext\sunmscapi.jar;C:\Program Files\Java\jre1.8.0_151\lib\ext\sunpkcs11.jar;C:\Program Files\Java\jre1.8.0_151\lib\ext\zipfs.jar;G:\eclipse Projects\22ndlife\target\classes;C:\Program Files\eclipse\plugins\org.junit.jupiter.api_5.0.0.v20170910-2246.jar;C:\Program Files\eclipse\plugins\org.junit.jupiter.engine_5.0.0.v20170910-2246.jar;C:\Program Files\eclipse\plugins\org.junit.jupiter.migrationsupport_5.0.0.v20170910-2246.jar;C:\Program Files\eclipse\plugins\org.junit.jupiter.params_5.0.0.v20170910-2246.jar;C:\Program Files\eclipse\plugins\org.junit.platform.commons_1.0.0.v20170910-2246.jar;C:\Program Files\eclipse\plugins\org.junit.platform.engine_1.0.0.v20170910-2246.jar;C:\Program Files\eclipse\plugins\org.junit.platform.launcher_1.0.0.v20170910-2246.jar;C:\Program Files\eclipse\plugins\org.junit.platform.runner_1.0.0.v20170910-2246.jar;C:\Program Files\eclipse\plugins\org.junit.platform.suite.api_1.0.0.v20170910-2246.jar;C:\Program Files\eclipse\plugins\org.junit.vintage.engine_4.12.0.v20170910-2246.jar;C:\Program Files\eclipse\plugins\org.opentest4j_1.0.0.v20170910-2246.jar;C:\Program Files\eclipse\plugins\or
Launcher Type: SUN_STANDARD

Environment Variables:
PATH=C:/Program Files/Java/jre1.8.0_151/bin/server;C:/Program Files/Java/jre1.8.0_151/bin;C:/Program Files/Java/jre1.8.0_151/lib/amd64;C:\Program Files\Oculus\Support\oculus-runtime;C:\ProgramData\Oracle\Java\javapath;C:\WINDOWS\system32;C:\WINDOWS;C:\WINDOWS\System32\Wbem;C:\WINDOWS\System32\WindowsPowerShell\v1.0\;C:\Program Files (x86)\NVIDIA Corporation\PhysX\Common;C:\Program Files (x86)\Skype\Phone\;C:\Program Files\Microsoft SQL Server\Client SDK\ODBC\110\Tools\Binn\;C:\Program Files (x86)\Microsoft SQL Server\120\Tools\Binn\;C:\Program Files\Microsoft SQL Server\120\Tools\Binn\;C:\Program Files\Microsoft SQL Server\120\DTS\Binn\;C:\Program Files (x86)\Windows Kits\8.1\Windows Performance Toolkit\;C:\WINDOWS\system32;C:\WINDOWS;C:\WINDOWS\System32\Wbem;C:\WINDOWS\System32\WindowsPowerShell\v1.0\;F:\Program Files\Git\cmd;C:\Users\Tyler Storr\AppData\Local\Microsoft\WindowsApps;;C:\Program Files\eclipse;
USERNAME=Tyler Storr
OS=Windows_NT
PROCESSOR_IDENTIFIER=AMD64 Family 21 Model 1 Stepping 2, AuthenticAMD



---------------  S Y S T E M  ---------------

OS: Windows 10.0 , 64 bit Build 15063 (10.0.15063.296)

CPU:total 8 (initial active 8) (8 cores per cpu, 1 threads per core) family 21 model 1 stepping 2, cmov, cx8, fxsr, mmx, sse, sse2, sse3, ssse3, sse4.1, sse4.2, popcnt, avx, aes, clmul, mmxext, 3dnowpref, lzcnt, sse4a, tsc, tscinvbit, tscinv

Memory: 4k page, physical 16721224k(9418960k free), swap 19473736k(8930980k free)

vm_info: Java HotSpot(TM) 64-Bit Server VM (25.151-b12) for windows-amd64 JRE (1.8.0_151-b12), built on Sep  5 2017 19:33:46 by "java_re" with MS VC++ 10.0 (VS2010)

time: Mon Nov 13 20:24:30 2017
elapsed time: 73 seconds (0d 0h 1m 13s)

