#
# A fatal error has been detected by the Java Runtime Environment:
#
#  EXCEPTION_ACCESS_VIOLATION (0xc0000005) at pc=0x00007ffc22f8844d, pid=15472, tid=0x00000000000027e8
#
# JRE version: Java(TM) SE Runtime Environment (8.0_151-b12) (build 1.8.0_151-b12)
# Java VM: Java HotSpot(TM) 64-Bit Server VM (25.151-b12 mixed mode windows-amd64 compressed oops)
# Problematic frame:
# C  [lwjgl_opengl.dll+0x844d]
#
# Failed to write core dump. Minidumps are not enabled by default on client versions of Windows
#
# If you would like to submit a bug report, please visit:
#   http://bugreport.java.com/bugreport/crash.jsp
# The crash happened outside the Java Virtual Machine in native code.
# See problematic frame for where to report the bug.
#

---------------  T H R E A D  ---------------

Current thread (0x00000000024f3800):  JavaThread "main" [_thread_in_native, id=10216, stack(0x00000000023f0000,0x00000000024f0000)]

siginfo: ExceptionCode=0xc0000005, reading address 0x0000000000000f18

Registers:
RAX=0x000000006ca81d50, RBX=0x000000001bbd5210, RCX=0x0000000000000001, RDX=0x000000001f59ffdc
RSP=0x00000000024ef618, RBP=0x00000000024ef698, RSI=0x0000000000000610, RDI=0x00000000025f7f10
R8 =0x0000000000000001, R9 =0x000000001f59ffdc, R10=0x0000000000000000, R11=0x000000006c50b4d0
R12=0x0000000000000000, R13=0x000000001bbd5210, R14=0x00000000024ef6c8, R15=0x00000000024f3800
RIP=0x00007ffc22f8844d, EFLAGS=0x0000000000010202

Top of Stack: (sp=0x00000000024ef618)
0x00000000024ef618:   00000000026109cc 00000000025f7f10
0x00000000024ef628:   000000000261042b 00000000024f3800
0x00000000024ef638:   000000001bbd5210 0000000000000610
0x00000000024ef648:   00000000024f3800 00000000026103e2
0x00000000024ef658:   00000000024ef658 000000001bbd5210
0x00000000024ef668:   00000000024ef6c8 000000001bbd7950
0x00000000024ef678:   0000000000000000 000000001bbd5210
0x00000000024ef688:   0000000000000000 00000000024ef6b8
0x00000000024ef698:   00000000024ef710 00000000025f83fd
0x00000000024ef6a8:   000000076b85a498 00000000026071b8
0x00000000024ef6b8:   000000001f59ffdc 000000076b8a9638
0x00000000024ef6c8:   0000000000000001 00000000024ef6d0
0x00000000024ef6d8:   000000001bbd5364 00000000024ef740
0x00000000024ef6e8:   000000001bbd7950 0000000000000000
0x00000000024ef6f8:   000000001bbd53c8 00000000024ef6b8
0x00000000024ef708:   00000000024ef748 00000000024ef788 

Instructions: (pc=0x00007ffc22f8844d)
0x00007ffc22f8842d:   49 ff a2 f0 09 00 00 cc cc cc cc cc cc cc cc cc
0x00007ffc22f8843d:   cc cc cc 48 8b 01 49 8b d1 41 8b c8 4c 8b 50 18
0x00007ffc22f8844d:   49 ff a2 18 0f 00 00 cc cc cc cc cc cc cc cc cc
0x00007ffc22f8845d:   cc cc cc 48 8b 01 48 8b 48 18 48 8b 81 c0 1b 00 


Register to memory mapping:

RAX=0x000000006ca81d50 is an unknown value
RBX={method} {0x000000001bbd5218} 'nglGenVertexArrays' '(IJ)V' in 'org/lwjgl/opengl/GL30'
RCX=0x0000000000000001 is an unknown value
RDX=0x000000001f59ffdc is an unknown value
RSP=0x00000000024ef618 is pointing into the stack for thread: 0x00000000024f3800
RBP=0x00000000024ef698 is pointing into the stack for thread: 0x00000000024f3800
RSI=0x0000000000000610 is an unknown value
RDI=0x00000000025f7f10 is at code_begin+1040 in an Interpreter codelet
invoke return entry points  [0x00000000025f7b00, 0x00000000025f84e0]  2528 bytes
R8 =0x0000000000000001 is an unknown value
R9 =0x000000001f59ffdc is an unknown value
R10=0x0000000000000000 is an unknown value
R11=0x000000006c50b4d0 is an unknown value
R12=0x0000000000000000 is an unknown value
R13={method} {0x000000001bbd5218} 'nglGenVertexArrays' '(IJ)V' in 'org/lwjgl/opengl/GL30'
R14=0x00000000024ef6c8 is pointing into the stack for thread: 0x00000000024f3800
R15=0x00000000024f3800 is a thread


Stack: [0x00000000023f0000,0x00000000024f0000],  sp=0x00000000024ef618,  free space=1021k
Native frames: (J=compiled Java code, j=interpreted, Vv=VM code, C=native code)
C  [lwjgl_opengl.dll+0x844d]

Java frames: (J=compiled Java code, j=interpreted, Vv=VM code)
j  org.lwjgl.opengl.GL30.nglGenVertexArrays(IJ)V+0
j  org.lwjgl.opengl.GL30.glGenVertexArrays()I+20
j  boundary.renderEngine.Loader.createVAO()I+0
j  boundary.renderEngine.Loader.loadToVAO([F)Lboundary/models/RawModel;+1
j  boundary.renderEngine.DisplayManager.loop()V+98
j  boundary.gameData.MainGameLoop.main([Ljava/lang/String;)V+13
v  ~StubRoutines::call_stub

---------------  P R O C E S S  ---------------

Java Threads: ( => current thread )
  0x000000001e068800 JavaThread "Service Thread" daemon [_thread_blocked, id=5684, stack(0x000000001f260000,0x000000001f360000)]
  0x000000001dfdd000 JavaThread "C1 CompilerThread3" daemon [_thread_blocked, id=3300, stack(0x000000001f160000,0x000000001f260000)]
  0x000000001dfd9800 JavaThread "C2 CompilerThread2" daemon [_thread_blocked, id=14712, stack(0x000000001f060000,0x000000001f160000)]
  0x000000001dfd8800 JavaThread "C2 CompilerThread1" daemon [_thread_blocked, id=14992, stack(0x000000001ef60000,0x000000001f060000)]
  0x000000001dfce800 JavaThread "C2 CompilerThread0" daemon [_thread_blocked, id=3704, stack(0x000000001ee60000,0x000000001ef60000)]
  0x000000001dfc4000 JavaThread "JDWP Command Reader" daemon [_thread_in_native, id=14072, stack(0x000000001ed60000,0x000000001ee60000)]
  0x000000001dfc0800 JavaThread "JDWP Event Helper Thread" daemon [_thread_blocked, id=1376, stack(0x000000001ec60000,0x000000001ed60000)]
  0x000000001dfb2800 JavaThread "JDWP Transport Listener: dt_socket" daemon [_thread_blocked, id=3184, stack(0x000000001eb60000,0x000000001ec60000)]
  0x000000001dfab000 JavaThread "Attach Listener" daemon [_thread_blocked, id=11932, stack(0x000000001e670000,0x000000001e770000)]
  0x000000001dfaa000 JavaThread "Signal Dispatcher" daemon [_thread_blocked, id=9416, stack(0x000000001e570000,0x000000001e670000)]
  0x000000001dfa0800 JavaThread "Finalizer" daemon [_thread_blocked, id=10436, stack(0x000000001e380000,0x000000001e480000)]
  0x000000001c09d000 JavaThread "Reference Handler" daemon [_thread_blocked, id=1332, stack(0x000000001de80000,0x000000001df80000)]
=>0x00000000024f3800 JavaThread "main" [_thread_in_native, id=10216, stack(0x00000000023f0000,0x00000000024f0000)]

Other Threads:
  0x000000001c09a000 VMThread [stack: 0x000000001dd80000,0x000000001de80000] [id=16236]
  0x000000001e078800 WatcherThread [stack: 0x000000001f360000,0x000000001f460000] [id=4340]

VM state:not at safepoint (normal execution)

VM Mutex/Monitor currently owned by a thread: None

Heap:
 PSYoungGen      total 76288K, used 10486K [0x000000076af00000, 0x0000000770400000, 0x00000007c0000000)
  eden space 65536K, 16% used [0x000000076af00000,0x000000076b93d900,0x000000076ef00000)
  from space 10752K, 0% used [0x000000076f980000,0x000000076f980000,0x0000000770400000)
  to   space 10752K, 0% used [0x000000076ef00000,0x000000076ef00000,0x000000076f980000)
 ParOldGen       total 175104K, used 0K [0x00000006c0c00000, 0x00000006cb700000, 0x000000076af00000)
  object space 175104K, 0% used [0x00000006c0c00000,0x00000006c0c00000,0x00000006cb700000)
 Metaspace       used 5892K, capacity 6100K, committed 6144K, reserved 1056768K
  class space    used 650K, capacity 740K, committed 768K, reserved 1048576K

Card table byte_map: [0x00000000119b0000,0x00000000121b0000] byte_map_base: 0x000000000e3aa000

Marking Bits: (ParMarkBitMap*) 0x000000006cafd850
 Begin Bits: [0x0000000012f10000, 0x0000000016ee0000)
 End Bits:   [0x0000000016ee0000, 0x000000001aeb0000)

Polling page: 0x0000000000920000

CodeCache: size=245760Kb used=2449Kb max_used=2449Kb free=243310Kb
 bounds [0x00000000025f0000, 0x0000000002860000, 0x00000000115f0000]
 total_blobs=1222 nmethods=535 adapters=609
 compilation: enabled

Compilation events (10 events):
Event: 29.417 Thread 0x000000001dfdd000  532       3       java.nio.DirectByteBuffer::get (126 bytes)
Event: 29.418 Thread 0x000000001dfdd000 nmethod 532 0x0000000002852590 code [0x0000000002852780, 0x0000000002852f68]
Event: 29.419 Thread 0x000000001dfdd000  534       3       java.lang.String::lastIndexOf (11 bytes)
Event: 29.419 Thread 0x000000001dfdd000 nmethod 534 0x0000000002853350 code [0x00000000028534c0, 0x0000000002853768]
Event: 29.419 Thread 0x000000001dfdd000  535       3       java.lang.String::lastIndexOf (25 bytes)
Event: 29.419 Thread 0x000000001dfdd000 nmethod 535 0x00000000028538d0 code [0x0000000002853a40, 0x0000000002853c08]
Event: 29.421 Thread 0x000000001dfdd000  536       3       java.lang.String::concat (47 bytes)
Event: 29.422 Thread 0x000000001dfdd000 nmethod 536 0x0000000002853d10 code [0x0000000002853ee0, 0x00000000028546d8]
Event: 29.422 Thread 0x000000001dfdd000  537       3       java.lang.String::getChars (16 bytes)
Event: 29.422 Thread 0x000000001dfdd000 nmethod 537 0x0000000002854a90 code [0x0000000002854c00, 0x0000000002854e28]

GC Heap History (0 events):
No events

Deoptimization events (1 events):
Event: 5.416 Thread 0x00000000024f3800 Uncommon trap: reason=unstable_if action=reinterpret pc=0x00000000027cefd0 method=java.lang.String.indexOf([CII[CIII)I @ 3

Internal exceptions (10 events):
Event: 5.239 Thread 0x00000000024f3800 Exception <a 'java/security/PrivilegedActionException'> (0x000000076b318b48) thrown at [C:\re\workspace\8-2-build-windows-amd64-cygwin\jdk8u151\9699\hotspot\src\share\vm\prims\jvm.cpp, line 1390]
Event: 5.286 Thread 0x00000000024f3800 Exception <a 'java/lang/NoSuchMethodError': java.lang.Object.lambda$static$0(Ljava/lang/String;)Ljava/lang/Boolean;> (0x000000076b4148c0) thrown at [C:\re\workspace\8-2-build-windows-amd64-cygwin\jdk8u151\9699\hotspot\src\share\vm\interpreter\linkResolver
Event: 5.305 Thread 0x00000000024f3800 Exception <a 'java/lang/NoSuchFieldError': method resolution failed> (0x000000076b48c9e8) thrown at [C:\re\workspace\8-2-build-windows-amd64-cygwin\jdk8u151\9699\hotspot\src\share\vm\prims\methodHandles.cpp, line 1146]
Event: 5.308 Thread 0x00000000024f3800 Exception <a 'java/lang/NoSuchFieldError': method resolution failed> (0x000000076b499de8) thrown at [C:\re\workspace\8-2-build-windows-amd64-cygwin\jdk8u151\9699\hotspot\src\share\vm\prims\methodHandles.cpp, line 1146]
Event: 5.369 Thread 0x00000000024f3800 Exception <a 'java/security/PrivilegedActionException'> (0x000000076b61ae00) thrown at [C:\re\workspace\8-2-build-windows-amd64-cygwin\jdk8u151\9699\hotspot\src\share\vm\prims\jvm.cpp, line 1390]
Event: 5.369 Thread 0x00000000024f3800 Exception <a 'java/security/PrivilegedActionException'> (0x000000076b61b010) thrown at [C:\re\workspace\8-2-build-windows-amd64-cygwin\jdk8u151\9699\hotspot\src\share\vm\prims\jvm.cpp, line 1390]
Event: 5.370 Thread 0x00000000024f3800 Exception <a 'java/security/PrivilegedActionException'> (0x000000076b61ee68) thrown at [C:\re\workspace\8-2-build-windows-amd64-cygwin\jdk8u151\9699\hotspot\src\share\vm\prims\jvm.cpp, line 1390]
Event: 5.370 Thread 0x00000000024f3800 Exception <a 'java/security/PrivilegedActionException'> (0x000000076b61f078) thrown at [C:\re\workspace\8-2-build-windows-amd64-cygwin\jdk8u151\9699\hotspot\src\share\vm\prims\jvm.cpp, line 1390]
Event: 29.420 Thread 0x00000000024f3800 Exception <a 'sun/nio/fs/WindowsException'> (0x000000076b899998) thrown at [C:\re\workspace\8-2-build-windows-amd64-cygwin\jdk8u151\9699\hotspot\src\share\vm\prims\jni.cpp, line 709]
Event: 29.420 Thread 0x00000000024f3800 Exception <a 'sun/nio/fs/WindowsException'> (0x000000076b89a1d8) thrown at [C:\re\workspace\8-2-build-windows-amd64-cygwin\jdk8u151\9699\hotspot\src\share\vm\prims\jni.cpp, line 709]

Events (10 events):
Event: 29.421 Thread 0x00000000024f3800 DEOPT PACKING pc=0x00000000027a1e24 sp=0x00000000024eac30
Event: 29.421 Thread 0x00000000024f3800 DEOPT UNPACKING pc=0x000000000263747f sp=0x00000000024eaa50 mode 1
Event: 29.421 Thread 0x00000000024f3800 DEOPT PACKING pc=0x00000000027a1bbc sp=0x00000000024eadc0
Event: 29.421 Thread 0x00000000024f3800 DEOPT UNPACKING pc=0x000000000263747f sp=0x00000000024eabe0 mode 1
Event: 29.421 loading class org/lwjgl/system/SharedLibrary$Delegate
Event: 29.421 loading class org/lwjgl/system/SharedLibrary$Delegate done
Event: 29.421 Thread 0x00000000024f3800 DEOPT PACKING pc=0x00000000027a1e24 sp=0x00000000024e8710
Event: 29.421 Thread 0x00000000024f3800 DEOPT UNPACKING pc=0x000000000263747f sp=0x00000000024e8530 mode 1
Event: 29.421 Thread 0x00000000024f3800 DEOPT PACKING pc=0x00000000027a1bbc sp=0x00000000024e88a0
Event: 29.421 Thread 0x00000000024f3800 DEOPT UNPACKING pc=0x000000000263747f sp=0x00000000024e86c0 mode 1


Dynamic libraries:
0x00007ff6309b0000 - 0x00007ff6309e7000 	C:\Program Files\Java\jre1.8.0_151\bin\javaw.exe
0x00007ffc67e10000 - 0x00007ffc67feb000 	C:\WINDOWS\SYSTEM32\ntdll.dll
0x00007ffc628f0000 - 0x00007ffc62923000 	C:\Program Files\AVAST Software\Avast\x64\aswhooka.dll
0x00007ffc676b0000 - 0x00007ffc6775e000 	C:\WINDOWS\System32\KERNEL32.DLL
0x00007ffc64e30000 - 0x00007ffc65079000 	C:\WINDOWS\System32\KERNELBASE.dll
0x00007ffc67440000 - 0x00007ffc674e1000 	C:\WINDOWS\System32\ADVAPI32.dll
0x00007ffc670f0000 - 0x00007ffc6718d000 	C:\WINDOWS\System32\msvcrt.dll
0x00007ffc67650000 - 0x00007ffc676a9000 	C:\WINDOWS\System32\sechost.dll
0x00007ffc674f0000 - 0x00007ffc67615000 	C:\WINDOWS\System32\RPCRT4.dll
0x00007ffc65370000 - 0x00007ffc654ba000 	C:\WINDOWS\System32\USER32.dll
0x00007ffc64600000 - 0x00007ffc6461e000 	C:\WINDOWS\System32\win32u.dll
0x00007ffc655a0000 - 0x00007ffc655c7000 	C:\WINDOWS\System32\GDI32.dll
0x00007ffc650d0000 - 0x00007ffc65257000 	C:\WINDOWS\System32\gdi32full.dll
0x00007ffc65260000 - 0x00007ffc652fa000 	C:\WINDOWS\System32\msvcp_win.dll
0x00007ffc64500000 - 0x00007ffc645f6000 	C:\WINDOWS\System32\ucrtbase.dll
0x00007ffc5c360000 - 0x00007ffc5c5c7000 	C:\WINDOWS\WinSxS\amd64_microsoft.windows.common-controls_6595b64144ccf1df_6.0.15063.483_none_26002d27e7c744a2\COMCTL32.dll
0x00007ffc66df0000 - 0x00007ffc670e9000 	C:\WINDOWS\System32\combase.dll
0x00007ffc65300000 - 0x00007ffc6536a000 	C:\WINDOWS\System32\bcryptPrimitives.dll
0x00007ffc67620000 - 0x00007ffc6764d000 	C:\WINDOWS\System32\IMM32.DLL
0x000000006b1c0000 - 0x000000006b292000 	C:\Program Files\Java\jre1.8.0_151\bin\msvcr100.dll
0x000000006c2e0000 - 0x000000006cb7d000 	C:\Program Files\Java\jre1.8.0_151\bin\server\jvm.dll
0x00007ffc65530000 - 0x00007ffc65538000 	C:\WINDOWS\System32\PSAPI.DLL
0x00007ffc5eb70000 - 0x00007ffc5eb79000 	C:\WINDOWS\SYSTEM32\WSOCK32.dll
0x00007ffc654c0000 - 0x00007ffc6552c000 	C:\WINDOWS\System32\WS2_32.dll
0x00007ffc60b60000 - 0x00007ffc60b83000 	C:\WINDOWS\SYSTEM32\WINMM.dll
0x00007ffc5fe40000 - 0x00007ffc5fe4a000 	C:\WINDOWS\SYSTEM32\VERSION.dll
0x00007ffc60b30000 - 0x00007ffc60b5b000 	C:\WINDOWS\SYSTEM32\WINMMBASE.dll
0x00007ffc65080000 - 0x00007ffc650c9000 	C:\WINDOWS\System32\cfgmgr32.dll
0x000000006de10000 - 0x000000006de1f000 	C:\Program Files\Java\jre1.8.0_151\bin\verify.dll
0x000000006c2b0000 - 0x000000006c2d9000 	C:\Program Files\Java\jre1.8.0_151\bin\java.dll
0x000000006b180000 - 0x000000006b1b5000 	C:\Program Files\Java\jre1.8.0_151\bin\jdwp.dll
0x000000006b170000 - 0x000000006b178000 	C:\Program Files\Java\jre1.8.0_151\bin\npt.dll
0x000000006c290000 - 0x000000006c2a6000 	C:\Program Files\Java\jre1.8.0_151\bin\zip.dll
0x00007ffc655d0000 - 0x00007ffc66a06000 	C:\WINDOWS\System32\SHELL32.dll
0x00007ffc66b60000 - 0x00007ffc66c0a000 	C:\WINDOWS\System32\shcore.dll
0x00007ffc64620000 - 0x00007ffc64d11000 	C:\WINDOWS\System32\windows.storage.dll
0x00007ffc67cb0000 - 0x00007ffc67d01000 	C:\WINDOWS\System32\shlwapi.dll
0x00007ffc64310000 - 0x00007ffc64321000 	C:\WINDOWS\System32\kernel.appcore.dll
0x00007ffc642c0000 - 0x00007ffc6430c000 	C:\WINDOWS\System32\powrprof.dll
0x00007ffc64280000 - 0x00007ffc64295000 	C:\WINDOWS\System32\profapi.dll
0x000000006b160000 - 0x000000006b169000 	C:\Program Files\Java\jre1.8.0_151\bin\dt_socket.dll
0x00007ffc47410000 - 0x00007ffc47426000 	C:\WINDOWS\system32\napinsp.dll
0x00007ffc45320000 - 0x00007ffc4533a000 	C:\WINDOWS\system32\pnrpnsp.dll
0x00007ffc62430000 - 0x00007ffc62448000 	C:\WINDOWS\system32\NLAapi.dll
0x00007ffc63b90000 - 0x00007ffc63bec000 	C:\WINDOWS\System32\mswsock.dll
0x00007ffc63970000 - 0x00007ffc63a14000 	C:\WINDOWS\SYSTEM32\DNSAPI.dll
0x00007ffc66c10000 - 0x00007ffc66c18000 	C:\WINDOWS\System32\NSI.dll
0x00007ffc63930000 - 0x00007ffc63967000 	C:\WINDOWS\SYSTEM32\IPHLPAPI.DLL
0x00007ffc45310000 - 0x00007ffc4531e000 	C:\WINDOWS\System32\winrnr.dll
0x000000006e260000 - 0x000000006e286000 	C:\Program Files\Bonjour\mdnsNSP.dll
0x00007ffc5f920000 - 0x00007ffc5f98b000 	C:\WINDOWS\System32\fwpuclnt.dll
0x00007ffc63e40000 - 0x00007ffc63e65000 	C:\WINDOWS\SYSTEM32\bcrypt.dll
0x00007ffc5f3c0000 - 0x00007ffc5f3ca000 	C:\Windows\System32\rasadhlp.dll
0x000000006c270000 - 0x000000006c28a000 	C:\Program Files\Java\jre1.8.0_151\bin\net.dll
0x000000006c250000 - 0x000000006c261000 	C:\Program Files\Java\jre1.8.0_151\bin\nio.dll
0x00007ffc45200000 - 0x00007ffc45257000 	C:\Users\Tyler Storr\AppData\Local\Temp\lwjglTyler Storr\3.1.2-build-29\lwjgl.dll
0x00007ffc5d530000 - 0x00007ffc5d56c000 	C:\Users\TYLERS~1\AppData\Local\Temp\lwjglTyler Storr\3.1.2-build-29\jemalloc.dll
0x00007ffc401d0000 - 0x00007ffc4020d000 	C:\Users\TYLERS~1\AppData\Local\Temp\lwjglTyler Storr\3.1.2-build-29\glfw.dll
0x00007ffc62a70000 - 0x00007ffc62b05000 	C:\WINDOWS\system32\uxtheme.dll
0x00007ffc22fe0000 - 0x00007ffc23022000 	C:\WINDOWS\SYSTEM32\dinput8.dll
0x00007ffc62780000 - 0x00007ffc6278e000 	C:\WINDOWS\SYSTEM32\xinput1_4.dll
0x00007ffc62ea0000 - 0x00007ffc62ec8000 	C:\WINDOWS\SYSTEM32\DEVOBJ.dll
0x00007ffc607e0000 - 0x00007ffc6080a000 	C:\WINDOWS\SYSTEM32\dwmapi.dll
0x00007ffc67190000 - 0x00007ffc672f6000 	C:\WINDOWS\System32\MSCTF.dll
0x00007ffc67300000 - 0x00007ffc673c0000 	C:\WINDOWS\System32\OLEAUT32.dll
0x00007ffc63140000 - 0x00007ffc6314d000 	C:\WINDOWS\SYSTEM32\HID.DLL
0x00007ffc67760000 - 0x00007ffc67b9b000 	C:\WINDOWS\System32\SETUPAPI.DLL
0x00007ffc64d20000 - 0x00007ffc64d76000 	C:\WINDOWS\System32\WINTRUST.dll
0x00007ffc642a0000 - 0x00007ffc642b1000 	C:\WINDOWS\System32\MSASN1.dll
0x00007ffc64330000 - 0x00007ffc644f9000 	C:\WINDOWS\System32\CRYPT32.dll
0x00007ffc63490000 - 0x00007ffc634c1000 	C:\WINDOWS\SYSTEM32\ntmarta.dll
0x00007ffc58b60000 - 0x00007ffc58c81000 	C:\WINDOWS\SYSTEM32\opengl32.dll
0x00007ffc5c140000 - 0x00007ffc5c16c000 	C:\WINDOWS\SYSTEM32\GLU32.dll
0x0000000068e90000 - 0x000000006b157000 	C:\WINDOWS\SYSTEM32\nvoglv64.DLL
0x00007ffc66a10000 - 0x00007ffc66b55000 	C:\WINDOWS\System32\ole32.dll
0x00007ffc60c70000 - 0x00007ffc60c83000 	C:\WINDOWS\SYSTEM32\WTSAPI32.dll
0x00007ffc59f80000 - 0x00007ffc5a13d000 	C:\WINDOWS\system32\nvspcap64.dll
0x00007ffc63500000 - 0x00007ffc63555000 	C:\WINDOWS\SYSTEM32\WINSTA.dll
0x00007ffc22f80000 - 0x00007ffc22fdc000 	C:\Users\Tyler Storr\AppData\Local\Temp\lwjglTyler Storr\3.1.2-build-29\lwjgl_opengl.dll
0x00007ffc4b650000 - 0x00007ffc4b7f9000 	C:\WINDOWS\SYSTEM32\dbghelp.dll

VM Arguments:
jvm_args: -agentlib:jdwp=transport=dt_socket,suspend=y,address=localhost:55640 -Dfile.encoding=Cp1252 
java_command: boundary.gameData.MainGameLoop
java_class_path (initial): C:\Program Files\Java\jre1.8.0_151\lib\resources.jar;C:\Program Files\Java\jre1.8.0_151\lib\rt.jar;C:\Program Files\Java\jre1.8.0_151\lib\jsse.jar;C:\Program Files\Java\jre1.8.0_151\lib\jce.jar;C:\Program Files\Java\jre1.8.0_151\lib\charsets.jar;C:\Program Files\Java\jre1.8.0_151\lib\jfr.jar;C:\Program Files\Java\jre1.8.0_151\lib\ext\access-bridge-64.jar;C:\Program Files\Java\jre1.8.0_151\lib\ext\cldrdata.jar;C:\Program Files\Java\jre1.8.0_151\lib\ext\dnsns.jar;C:\Program Files\Java\jre1.8.0_151\lib\ext\jaccess.jar;C:\Program Files\Java\jre1.8.0_151\lib\ext\jfxrt.jar;C:\Program Files\Java\jre1.8.0_151\lib\ext\localedata.jar;C:\Program Files\Java\jre1.8.0_151\lib\ext\nashorn.jar;C:\Program Files\Java\jre1.8.0_151\lib\ext\sunec.jar;C:\Program Files\Java\jre1.8.0_151\lib\ext\sunjce_provider.jar;C:\Program Files\Java\jre1.8.0_151\lib\ext\sunmscapi.jar;C:\Program Files\Java\jre1.8.0_151\lib\ext\sunpkcs11.jar;C:\Program Files\Java\jre1.8.0_151\lib\ext\zipfs.jar;G:\eclipse Projects\22ndlife\target\classes;C:\Program Files\eclipse\plugins\org.junit.jupiter.api_5.0.0.v20170910-2246.jar;C:\Program Files\eclipse\plugins\org.junit.jupiter.engine_5.0.0.v20170910-2246.jar;C:\Program Files\eclipse\plugins\org.junit.jupiter.migrationsupport_5.0.0.v20170910-2246.jar;C:\Program Files\eclipse\plugins\org.junit.jupiter.params_5.0.0.v20170910-2246.jar;C:\Program Files\eclipse\plugins\org.junit.platform.commons_1.0.0.v20170910-2246.jar;C:\Program Files\eclipse\plugins\org.junit.platform.engine_1.0.0.v20170910-2246.jar;C:\Program Files\eclipse\plugins\org.junit.platform.launcher_1.0.0.v20170910-2246.jar;C:\Program Files\eclipse\plugins\org.junit.platform.runner_1.0.0.v20170910-2246.jar;C:\Program Files\eclipse\plugins\org.junit.platform.suite.api_1.0.0.v20170910-2246.jar;C:\Program Files\eclipse\plugins\org.junit.vintage.engine_4.12.0.v20170910-2246.jar;C:\Program Files\eclipse\plugins\org.opentest4j_1.0.0.v20170910-2246.jar;C:\Program Files\eclipse\plugins\or
Launcher Type: SUN_STANDARD

Environment Variables:
PATH=C:/Program Files/Java/jre1.8.0_151/bin/server;C:/Program Files/Java/jre1.8.0_151/bin;C:/Program Files/Java/jre1.8.0_151/lib/amd64;C:\Program Files\Oculus\Support\oculus-runtime;C:\ProgramData\Oracle\Java\javapath;C:\WINDOWS\system32;C:\WINDOWS;C:\WINDOWS\System32\Wbem;C:\WINDOWS\System32\WindowsPowerShell\v1.0\;C:\Program Files (x86)\NVIDIA Corporation\PhysX\Common;C:\Program Files (x86)\Skype\Phone\;C:\Program Files\Microsoft SQL Server\Client SDK\ODBC\110\Tools\Binn\;C:\Program Files (x86)\Microsoft SQL Server\120\Tools\Binn\;C:\Program Files\Microsoft SQL Server\120\Tools\Binn\;C:\Program Files\Microsoft SQL Server\120\DTS\Binn\;C:\Program Files (x86)\Windows Kits\8.1\Windows Performance Toolkit\;C:\WINDOWS\system32;C:\WINDOWS;C:\WINDOWS\System32\Wbem;C:\WINDOWS\System32\WindowsPowerShell\v1.0\;F:\Program Files\Git\cmd;C:\Users\Tyler Storr\AppData\Local\Microsoft\WindowsApps;;C:\Program Files\eclipse;
USERNAME=Tyler Storr
OS=Windows_NT
PROCESSOR_IDENTIFIER=AMD64 Family 21 Model 1 Stepping 2, AuthenticAMD



---------------  S Y S T E M  ---------------

OS: Windows 10.0 , 64 bit Build 15063 (10.0.15063.296)

CPU:total 8 (initial active 8) (8 cores per cpu, 1 threads per core) family 21 model 1 stepping 2, cmov, cx8, fxsr, mmx, sse, sse2, sse3, ssse3, sse4.1, sse4.2, popcnt, avx, aes, clmul, mmxext, 3dnowpref, lzcnt, sse4a, tsc, tscinvbit, tscinv

Memory: 4k page, physical 16721224k(9463784k free), swap 19473736k(8978808k free)

vm_info: Java HotSpot(TM) 64-Bit Server VM (25.151-b12) for windows-amd64 JRE (1.8.0_151-b12), built on Sep  5 2017 19:33:46 by "java_re" with MS VC++ 10.0 (VS2010)

time: Mon Nov 13 20:25:45 2017
elapsed time: 29 seconds (0d 0h 0m 29s)

