#
# A fatal error has been detected by the Java Runtime Environment:
#
#  EXCEPTION_ACCESS_VIOLATION (0xc0000005) at pc=0x00007ffc22f8844d, pid=13428, tid=0x00000000000027d0
#
# JRE version: Java(TM) SE Runtime Environment (8.0_151-b12) (build 1.8.0_151-b12)
# Java VM: Java HotSpot(TM) 64-Bit Server VM (25.151-b12 mixed mode windows-amd64 compressed oops)
# Problematic frame:
# C  [lwjgl_opengl.dll+0x844d]
#
# Failed to write core dump. Minidumps are not enabled by default on client versions of Windows
#
# If you would like to submit a bug report, please visit:
#   http://bugreport.java.com/bugreport/crash.jsp
# The crash happened outside the Java Virtual Machine in native code.
# See problematic frame for where to report the bug.
#

---------------  T H R E A D  ---------------

Current thread (0x0000000002e62800):  JavaThread "main" [_thread_in_native, id=10192, stack(0x0000000002d60000,0x0000000002e60000)]

siginfo: ExceptionCode=0xc0000005, reading address 0x0000000000000f18

Registers:
RAX=0x000000006ca81d50, RBX=0x000000001c52aa18, RCX=0x0000000000000001, RDX=0x000000001f7e48cc
RSP=0x0000000002e5f5c8, RBP=0x0000000002e5f648, RSI=0x0000000000000610, RDI=0x0000000002f67e70
R8 =0x0000000000000001, R9 =0x000000001f7e48cc, R10=0x0000000000000000, R11=0x000000006c50b4d0
R12=0x0000000000000000, R13=0x000000001c52aa18, R14=0x0000000002e5f678, R15=0x0000000002e62800
RIP=0x00007ffc22f8844d, EFLAGS=0x0000000000010202

Top of Stack: (sp=0x0000000002e5f5c8)
0x0000000002e5f5c8:   0000000002f77934 0000000002f67e70
0x0000000002e5f5d8:   0000000002f776ab 0000000002e62800
0x0000000002e5f5e8:   000000001c52aa18 0000000000000610
0x0000000002e5f5f8:   0000000002e62800 0000000002f77662
0x0000000002e5f608:   0000000002e5f608 000000001c52aa18
0x0000000002e5f618:   0000000002e5f678 000000001c52ce58
0x0000000002e5f628:   0000000000000000 000000001c52aa18
0x0000000002e5f638:   0000000000000000 0000000002e5f668
0x0000000002e5f648:   0000000002e5f6c0 0000000002f6835d
0x0000000002e5f658:   000000076b712a48 0000000002f719d8
0x0000000002e5f668:   000000001f7e48cc 000000076b761be8
0x0000000002e5f678:   0000000000000001 0000000002e5f680
0x0000000002e5f688:   000000001c52ab6c 0000000002e5f6f0
0x0000000002e5f698:   000000001c52ce58 0000000000000000
0x0000000002e5f6a8:   000000001c52abd0 0000000002e5f668
0x0000000002e5f6b8:   0000000002e5f6f8 0000000002e5f738 

Instructions: (pc=0x00007ffc22f8844d)
0x00007ffc22f8842d:   49 ff a2 f0 09 00 00 cc cc cc cc cc cc cc cc cc
0x00007ffc22f8843d:   cc cc cc 48 8b 01 49 8b d1 41 8b c8 4c 8b 50 18
0x00007ffc22f8844d:   49 ff a2 18 0f 00 00 cc cc cc cc cc cc cc cc cc
0x00007ffc22f8845d:   cc cc cc 48 8b 01 48 8b 48 18 48 8b 81 c0 1b 00 


Register to memory mapping:

RAX=0x000000006ca81d50 is an unknown value
RBX={method} {0x000000001c52aa20} 'nglGenVertexArrays' '(IJ)V' in 'org/lwjgl/opengl/GL30'
RCX=0x0000000000000001 is an unknown value
RDX=0x000000001f7e48cc is an unknown value
RSP=0x0000000002e5f5c8 is pointing into the stack for thread: 0x0000000002e62800
RBP=0x0000000002e5f648 is pointing into the stack for thread: 0x0000000002e62800
RSI=0x0000000000000610 is an unknown value
RDI=0x0000000002f67e70 is at code_begin+1040 in an Interpreter codelet
invoke return entry points  [0x0000000002f67a60, 0x0000000002f68440]  2528 bytes
R8 =0x0000000000000001 is an unknown value
R9 =0x000000001f7e48cc is an unknown value
R10=0x0000000000000000 is an unknown value
R11=0x000000006c50b4d0 is an unknown value
R12=0x0000000000000000 is an unknown value
R13={method} {0x000000001c52aa20} 'nglGenVertexArrays' '(IJ)V' in 'org/lwjgl/opengl/GL30'
R14=0x0000000002e5f678 is pointing into the stack for thread: 0x0000000002e62800
R15=0x0000000002e62800 is a thread


Stack: [0x0000000002d60000,0x0000000002e60000],  sp=0x0000000002e5f5c8,  free space=1021k
Native frames: (J=compiled Java code, j=interpreted, Vv=VM code, C=native code)
C  [lwjgl_opengl.dll+0x844d]

Java frames: (J=compiled Java code, j=interpreted, Vv=VM code)
j  org.lwjgl.opengl.GL30.nglGenVertexArrays(IJ)V+0
j  org.lwjgl.opengl.GL30.glGenVertexArrays()I+20
j  boundary.renderEngine.Loader.createVAO()I+0
j  boundary.renderEngine.Loader.loadToVAO([F)Lboundary/models/RawModel;+1
j  boundary.renderEngine.DisplayManager.loop()V+98
j  boundary.gameData.MainGameLoop.main([Ljava/lang/String;)V+13
v  ~StubRoutines::call_stub

---------------  P R O C E S S  ---------------

Java Threads: ( => current thread )
  0x000000001e9c8000 JavaThread "Service Thread" daemon [_thread_blocked, id=14792, stack(0x000000001f4e0000,0x000000001f5e0000)]
  0x000000001e92d000 JavaThread "C1 CompilerThread3" daemon [_thread_blocked, id=16080, stack(0x000000001f3e0000,0x000000001f4e0000)]
  0x000000001e929800 JavaThread "C2 CompilerThread2" daemon [_thread_blocked, id=460, stack(0x000000001f2e0000,0x000000001f3e0000)]
  0x000000001e923000 JavaThread "C2 CompilerThread1" daemon [_thread_blocked, id=9264, stack(0x000000001f1e0000,0x000000001f2e0000)]
  0x000000001e91b800 JavaThread "C2 CompilerThread0" daemon [_thread_blocked, id=188, stack(0x000000001f0e0000,0x000000001f1e0000)]
  0x000000001e91a000 JavaThread "Attach Listener" daemon [_thread_blocked, id=9396, stack(0x000000001efe0000,0x000000001f0e0000)]
  0x000000001ca1e000 JavaThread "Signal Dispatcher" daemon [_thread_blocked, id=8252, stack(0x000000001eee0000,0x000000001efe0000)]
  0x0000000002f59800 JavaThread "Finalizer" daemon [_thread_blocked, id=2152, stack(0x000000001ecf0000,0x000000001edf0000)]
  0x0000000002f56000 JavaThread "Reference Handler" daemon [_thread_blocked, id=15140, stack(0x000000001e7f0000,0x000000001e8f0000)]
=>0x0000000002e62800 JavaThread "main" [_thread_in_native, id=10192, stack(0x0000000002d60000,0x0000000002e60000)]

Other Threads:
  0x000000001ca09000 VMThread [stack: 0x000000001e6f0000,0x000000001e7f0000] [id=6696]
  0x000000001e9cc000 WatcherThread [stack: 0x000000001f5e0000,0x000000001f6e0000] [id=1352]

VM state:not at safepoint (normal execution)

VM Mutex/Monitor currently owned by a thread: None

Heap:
 PSYoungGen      total 76288K, used 9175K [0x000000076af00000, 0x0000000770400000, 0x00000007c0000000)
  eden space 65536K, 14% used [0x000000076af00000,0x000000076b7f5eb0,0x000000076ef00000)
  from space 10752K, 0% used [0x000000076f980000,0x000000076f980000,0x0000000770400000)
  to   space 10752K, 0% used [0x000000076ef00000,0x000000076ef00000,0x000000076f980000)
 ParOldGen       total 175104K, used 0K [0x00000006c0c00000, 0x00000006cb700000, 0x000000076af00000)
  object space 175104K, 0% used [0x00000006c0c00000,0x00000006c0c00000,0x00000006cb700000)
 Metaspace       used 5801K, capacity 5956K, committed 6144K, reserved 1056768K
  class space    used 650K, capacity 740K, committed 768K, reserved 1048576K

Card table byte_map: [0x0000000012320000,0x0000000012b20000] byte_map_base: 0x000000000ed1a000

Marking Bits: (ParMarkBitMap*) 0x000000006cafd850
 Begin Bits: [0x0000000013880000, 0x0000000017850000)
 End Bits:   [0x0000000017850000, 0x000000001b820000)

Polling page: 0x0000000001330000

CodeCache: size=245760Kb used=2410Kb max_used=2424Kb free=243349Kb
 bounds [0x0000000002f60000, 0x00000000031d0000, 0x0000000011f60000]
 total_blobs=1235 nmethods=540 adapters=609
 compilation: enabled

Compilation events (10 events):
Event: 0.969 Thread 0x000000001e92d000  536       3       java.nio.DirectByteBuffer::get (126 bytes)
Event: 0.970 Thread 0x000000001e92d000 nmethod 536 0x00000000031b8390 code [0x00000000031b8560, 0x00000000031b8d08]
Event: 0.976 Thread 0x000000001e92d000  537       3       java.lang.String::lastIndexOf (11 bytes)
Event: 0.976 Thread 0x000000001e92d000 nmethod 537 0x00000000031b9050 code [0x00000000031b91c0, 0x00000000031b9448]
Event: 0.976 Thread 0x000000001e92d000  538       3       java.lang.String::lastIndexOf (25 bytes)
Event: 0.976 Thread 0x000000001e92d000 nmethod 538 0x00000000031b9590 code [0x00000000031b9700, 0x00000000031b98c8]
Event: 0.978 Thread 0x000000001e92d000  539       3       java.lang.String::concat (47 bytes)
Event: 0.978 Thread 0x000000001e92d000 nmethod 539 0x00000000031b99d0 code [0x00000000031b9ba0, 0x00000000031ba358]
Event: 0.978 Thread 0x000000001e92d000  540       3       java.lang.String::getChars (16 bytes)
Event: 0.978 Thread 0x000000001e92d000 nmethod 540 0x00000000031ba6d0 code [0x00000000031ba840, 0x00000000031baa48]

GC Heap History (0 events):
No events

Deoptimization events (1 events):
Event: 0.297 Thread 0x0000000002e62800 Uncommon trap: reason=unstable_if action=reinterpret pc=0x000000000313b6b8 method=java.lang.String.indexOf([CII[CIII)I @ 3

Internal exceptions (10 events):
Event: 0.136 Thread 0x0000000002e62800 Exception <a 'java/security/PrivilegedActionException'> (0x000000076b1cfbd8) thrown at [C:\re\workspace\8-2-build-windows-amd64-cygwin\jdk8u151\9699\hotspot\src\share\vm\prims\jvm.cpp, line 1390]
Event: 0.181 Thread 0x0000000002e62800 Exception <a 'java/lang/NoSuchMethodError': java.lang.Object.lambda$static$0(Ljava/lang/String;)Ljava/lang/Boolean;> (0x000000076b2cbb00) thrown at [C:\re\workspace\8-2-build-windows-amd64-cygwin\jdk8u151\9699\hotspot\src\share\vm\interpreter\linkResolver
Event: 0.194 Thread 0x0000000002e62800 Exception <a 'java/lang/NoSuchFieldError': method resolution failed> (0x000000076b3439d0) thrown at [C:\re\workspace\8-2-build-windows-amd64-cygwin\jdk8u151\9699\hotspot\src\share\vm\prims\methodHandles.cpp, line 1146]
Event: 0.196 Thread 0x0000000002e62800 Exception <a 'java/lang/NoSuchFieldError': method resolution failed> (0x000000076b350dd0) thrown at [C:\re\workspace\8-2-build-windows-amd64-cygwin\jdk8u151\9699\hotspot\src\share\vm\prims\methodHandles.cpp, line 1146]
Event: 0.251 Thread 0x0000000002e62800 Exception <a 'java/security/PrivilegedActionException'> (0x000000076b4d1f80) thrown at [C:\re\workspace\8-2-build-windows-amd64-cygwin\jdk8u151\9699\hotspot\src\share\vm\prims\jvm.cpp, line 1390]
Event: 0.251 Thread 0x0000000002e62800 Exception <a 'java/security/PrivilegedActionException'> (0x000000076b4d2190) thrown at [C:\re\workspace\8-2-build-windows-amd64-cygwin\jdk8u151\9699\hotspot\src\share\vm\prims\jvm.cpp, line 1390]
Event: 0.252 Thread 0x0000000002e62800 Exception <a 'java/security/PrivilegedActionException'> (0x000000076b4d5fe8) thrown at [C:\re\workspace\8-2-build-windows-amd64-cygwin\jdk8u151\9699\hotspot\src\share\vm\prims\jvm.cpp, line 1390]
Event: 0.252 Thread 0x0000000002e62800 Exception <a 'java/security/PrivilegedActionException'> (0x000000076b4d61f8) thrown at [C:\re\workspace\8-2-build-windows-amd64-cygwin\jdk8u151\9699\hotspot\src\share\vm\prims\jvm.cpp, line 1390]
Event: 0.977 Thread 0x0000000002e62800 Exception <a 'sun/nio/fs/WindowsException'> (0x000000076b751f48) thrown at [C:\re\workspace\8-2-build-windows-amd64-cygwin\jdk8u151\9699\hotspot\src\share\vm\prims\jni.cpp, line 709]
Event: 0.977 Thread 0x0000000002e62800 Exception <a 'sun/nio/fs/WindowsException'> (0x000000076b752788) thrown at [C:\re\workspace\8-2-build-windows-amd64-cygwin\jdk8u151\9699\hotspot\src\share\vm\prims\jni.cpp, line 709]

Events (10 events):
Event: 0.977 loading class java/nio/file/NoSuchFileException
Event: 0.977 loading class java/nio/file/FileSystemException
Event: 0.977 loading class java/nio/file/FileSystemException done
Event: 0.977 loading class java/nio/file/NoSuchFileException done
Event: 0.977 loading class org/lwjgl/opengl/GL$1
Event: 0.977 loading class org/lwjgl/opengl/GL$1 done
Event: 0.978 loading class org/lwjgl/opengl/GL$SharedLibraryGL
Event: 0.978 loading class org/lwjgl/opengl/GL$SharedLibraryGL done
Event: 0.978 loading class org/lwjgl/system/SharedLibrary$Delegate
Event: 0.978 loading class org/lwjgl/system/SharedLibrary$Delegate done


Dynamic libraries:
0x00007ff6309b0000 - 0x00007ff6309e7000 	C:\Program Files\Java\jre1.8.0_151\bin\javaw.exe
0x00007ffc67e10000 - 0x00007ffc67feb000 	C:\WINDOWS\SYSTEM32\ntdll.dll
0x00007ffc628f0000 - 0x00007ffc62923000 	C:\Program Files\AVAST Software\Avast\x64\aswhooka.dll
0x00007ffc676b0000 - 0x00007ffc6775e000 	C:\WINDOWS\System32\KERNEL32.DLL
0x00007ffc64e30000 - 0x00007ffc65079000 	C:\WINDOWS\System32\KERNELBASE.dll
0x00007ffc67440000 - 0x00007ffc674e1000 	C:\WINDOWS\System32\ADVAPI32.dll
0x00007ffc670f0000 - 0x00007ffc6718d000 	C:\WINDOWS\System32\msvcrt.dll
0x00007ffc67650000 - 0x00007ffc676a9000 	C:\WINDOWS\System32\sechost.dll
0x00007ffc674f0000 - 0x00007ffc67615000 	C:\WINDOWS\System32\RPCRT4.dll
0x00007ffc65370000 - 0x00007ffc654ba000 	C:\WINDOWS\System32\USER32.dll
0x00007ffc64600000 - 0x00007ffc6461e000 	C:\WINDOWS\System32\win32u.dll
0x00007ffc655a0000 - 0x00007ffc655c7000 	C:\WINDOWS\System32\GDI32.dll
0x00007ffc650d0000 - 0x00007ffc65257000 	C:\WINDOWS\System32\gdi32full.dll
0x00007ffc65260000 - 0x00007ffc652fa000 	C:\WINDOWS\System32\msvcp_win.dll
0x00007ffc64500000 - 0x00007ffc645f6000 	C:\WINDOWS\System32\ucrtbase.dll
0x00007ffc5c360000 - 0x00007ffc5c5c7000 	C:\WINDOWS\WinSxS\amd64_microsoft.windows.common-controls_6595b64144ccf1df_6.0.15063.483_none_26002d27e7c744a2\COMCTL32.dll
0x00007ffc66df0000 - 0x00007ffc670e9000 	C:\WINDOWS\System32\combase.dll
0x00007ffc65300000 - 0x00007ffc6536a000 	C:\WINDOWS\System32\bcryptPrimitives.dll
0x00007ffc67620000 - 0x00007ffc6764d000 	C:\WINDOWS\System32\IMM32.DLL
0x000000006b1c0000 - 0x000000006b292000 	C:\Program Files\Java\jre1.8.0_151\bin\msvcr100.dll
0x000000006c2e0000 - 0x000000006cb7d000 	C:\Program Files\Java\jre1.8.0_151\bin\server\jvm.dll
0x00007ffc65530000 - 0x00007ffc65538000 	C:\WINDOWS\System32\PSAPI.DLL
0x00007ffc5eb70000 - 0x00007ffc5eb79000 	C:\WINDOWS\SYSTEM32\WSOCK32.dll
0x00007ffc654c0000 - 0x00007ffc6552c000 	C:\WINDOWS\System32\WS2_32.dll
0x00007ffc60b60000 - 0x00007ffc60b83000 	C:\WINDOWS\SYSTEM32\WINMM.dll
0x00007ffc5fe40000 - 0x00007ffc5fe4a000 	C:\WINDOWS\SYSTEM32\VERSION.dll
0x00007ffc60b30000 - 0x00007ffc60b5b000 	C:\WINDOWS\SYSTEM32\WINMMBASE.dll
0x00007ffc65080000 - 0x00007ffc650c9000 	C:\WINDOWS\System32\cfgmgr32.dll
0x000000006de10000 - 0x000000006de1f000 	C:\Program Files\Java\jre1.8.0_151\bin\verify.dll
0x000000006c2b0000 - 0x000000006c2d9000 	C:\Program Files\Java\jre1.8.0_151\bin\java.dll
0x000000006c290000 - 0x000000006c2a6000 	C:\Program Files\Java\jre1.8.0_151\bin\zip.dll
0x00007ffc655d0000 - 0x00007ffc66a06000 	C:\WINDOWS\System32\SHELL32.dll
0x00007ffc66b60000 - 0x00007ffc66c0a000 	C:\WINDOWS\System32\shcore.dll
0x00007ffc64620000 - 0x00007ffc64d11000 	C:\WINDOWS\System32\windows.storage.dll
0x00007ffc67cb0000 - 0x00007ffc67d01000 	C:\WINDOWS\System32\shlwapi.dll
0x00007ffc64310000 - 0x00007ffc64321000 	C:\WINDOWS\System32\kernel.appcore.dll
0x00007ffc642c0000 - 0x00007ffc6430c000 	C:\WINDOWS\System32\powrprof.dll
0x00007ffc64280000 - 0x00007ffc64295000 	C:\WINDOWS\System32\profapi.dll
0x000000006c270000 - 0x000000006c28a000 	C:\Program Files\Java\jre1.8.0_151\bin\net.dll
0x00007ffc63b90000 - 0x00007ffc63bec000 	C:\WINDOWS\system32\mswsock.dll
0x000000006c250000 - 0x000000006c261000 	C:\Program Files\Java\jre1.8.0_151\bin\nio.dll
0x00007ffc45200000 - 0x00007ffc45257000 	C:\Users\Tyler Storr\AppData\Local\Temp\lwjglTyler Storr\3.1.2-build-29\lwjgl.dll
0x00007ffc5d530000 - 0x00007ffc5d56c000 	C:\Users\TYLERS~1\AppData\Local\Temp\lwjglTyler Storr\3.1.2-build-29\jemalloc.dll
0x00007ffc401d0000 - 0x00007ffc4020d000 	C:\Users\TYLERS~1\AppData\Local\Temp\lwjglTyler Storr\3.1.2-build-29\glfw.dll
0x00007ffc62a70000 - 0x00007ffc62b05000 	C:\WINDOWS\system32\uxtheme.dll
0x00007ffc22fe0000 - 0x00007ffc23022000 	C:\WINDOWS\SYSTEM32\dinput8.dll
0x00007ffc62780000 - 0x00007ffc6278e000 	C:\WINDOWS\SYSTEM32\xinput1_4.dll
0x00007ffc62ea0000 - 0x00007ffc62ec8000 	C:\WINDOWS\SYSTEM32\DEVOBJ.dll
0x00007ffc607e0000 - 0x00007ffc6080a000 	C:\WINDOWS\SYSTEM32\dwmapi.dll
0x00007ffc67190000 - 0x00007ffc672f6000 	C:\WINDOWS\System32\MSCTF.dll
0x00007ffc67300000 - 0x00007ffc673c0000 	C:\WINDOWS\System32\OLEAUT32.dll
0x00007ffc63140000 - 0x00007ffc6314d000 	C:\WINDOWS\SYSTEM32\HID.DLL
0x00007ffc67760000 - 0x00007ffc67b9b000 	C:\WINDOWS\System32\SETUPAPI.DLL
0x00007ffc64d20000 - 0x00007ffc64d76000 	C:\WINDOWS\System32\WINTRUST.dll
0x00007ffc642a0000 - 0x00007ffc642b1000 	C:\WINDOWS\System32\MSASN1.dll
0x00007ffc64330000 - 0x00007ffc644f9000 	C:\WINDOWS\System32\CRYPT32.dll
0x00007ffc63490000 - 0x00007ffc634c1000 	C:\WINDOWS\SYSTEM32\ntmarta.dll
0x00007ffc58b60000 - 0x00007ffc58c81000 	C:\WINDOWS\SYSTEM32\opengl32.dll
0x00007ffc5c140000 - 0x00007ffc5c16c000 	C:\WINDOWS\SYSTEM32\GLU32.dll
0x0000000068ef0000 - 0x000000006b1b7000 	C:\WINDOWS\SYSTEM32\nvoglv64.DLL
0x00007ffc66a10000 - 0x00007ffc66b55000 	C:\WINDOWS\System32\ole32.dll
0x00007ffc60c70000 - 0x00007ffc60c83000 	C:\WINDOWS\SYSTEM32\WTSAPI32.dll
0x00007ffc59f80000 - 0x00007ffc5a13d000 	C:\WINDOWS\system32\nvspcap64.dll
0x00007ffc63500000 - 0x00007ffc63555000 	C:\WINDOWS\SYSTEM32\WINSTA.dll
0x00007ffc5f540000 - 0x00007ffc5f5c2000 	C:\WINDOWS\System32\TextInputFramework.dll
0x00007ffc5f990000 - 0x00007ffc5fc62000 	C:\WINDOWS\System32\CoreUIComponents.dll
0x00007ffc62210000 - 0x00007ffc622f3000 	C:\WINDOWS\System32\CoreMessaging.dll
0x00007ffc608d0000 - 0x00007ffc60a09000 	C:\WINDOWS\SYSTEM32\wintypes.dll
0x00007ffc61490000 - 0x00007ffc614a5000 	C:\WINDOWS\SYSTEM32\usermgrcli.dll
0x00007ffc22f80000 - 0x00007ffc22fdc000 	C:\Users\Tyler Storr\AppData\Local\Temp\lwjglTyler Storr\3.1.2-build-29\lwjgl_opengl.dll
0x00007ffc4b650000 - 0x00007ffc4b7f9000 	C:\WINDOWS\SYSTEM32\dbghelp.dll

VM Arguments:
jvm_args: -Dfile.encoding=Cp1252 
java_command: boundary.gameData.MainGameLoop
java_class_path (initial): C:\Program Files\Java\jre1.8.0_151\lib\resources.jar;C:\Program Files\Java\jre1.8.0_151\lib\rt.jar;C:\Program Files\Java\jre1.8.0_151\lib\jsse.jar;C:\Program Files\Java\jre1.8.0_151\lib\jce.jar;C:\Program Files\Java\jre1.8.0_151\lib\charsets.jar;C:\Program Files\Java\jre1.8.0_151\lib\jfr.jar;C:\Program Files\Java\jre1.8.0_151\lib\ext\access-bridge-64.jar;C:\Program Files\Java\jre1.8.0_151\lib\ext\cldrdata.jar;C:\Program Files\Java\jre1.8.0_151\lib\ext\dnsns.jar;C:\Program Files\Java\jre1.8.0_151\lib\ext\jaccess.jar;C:\Program Files\Java\jre1.8.0_151\lib\ext\jfxrt.jar;C:\Program Files\Java\jre1.8.0_151\lib\ext\localedata.jar;C:\Program Files\Java\jre1.8.0_151\lib\ext\nashorn.jar;C:\Program Files\Java\jre1.8.0_151\lib\ext\sunec.jar;C:\Program Files\Java\jre1.8.0_151\lib\ext\sunjce_provider.jar;C:\Program Files\Java\jre1.8.0_151\lib\ext\sunmscapi.jar;C:\Program Files\Java\jre1.8.0_151\lib\ext\sunpkcs11.jar;C:\Program Files\Java\jre1.8.0_151\lib\ext\zipfs.jar;G:\eclipse Projects\22ndlife\target\classes;C:\Program Files\eclipse\plugins\org.junit.jupiter.api_5.0.0.v20170910-2246.jar;C:\Program Files\eclipse\plugins\org.junit.jupiter.engine_5.0.0.v20170910-2246.jar;C:\Program Files\eclipse\plugins\org.junit.jupiter.migrationsupport_5.0.0.v20170910-2246.jar;C:\Program Files\eclipse\plugins\org.junit.jupiter.params_5.0.0.v20170910-2246.jar;C:\Program Files\eclipse\plugins\org.junit.platform.commons_1.0.0.v20170910-2246.jar;C:\Program Files\eclipse\plugins\org.junit.platform.engine_1.0.0.v20170910-2246.jar;C:\Program Files\eclipse\plugins\org.junit.platform.launcher_1.0.0.v20170910-2246.jar;C:\Program Files\eclipse\plugins\org.junit.platform.runner_1.0.0.v20170910-2246.jar;C:\Program Files\eclipse\plugins\org.junit.platform.suite.api_1.0.0.v20170910-2246.jar;C:\Program Files\eclipse\plugins\org.junit.vintage.engine_4.12.0.v20170910-2246.jar;C:\Program Files\eclipse\plugins\org.opentest4j_1.0.0.v20170910-2246.jar;C:\Program Files\eclipse\plugins\or
Launcher Type: SUN_STANDARD

Environment Variables:
PATH=C:/Program Files/Java/jre1.8.0_151/bin/server;C:/Program Files/Java/jre1.8.0_151/bin;C:/Program Files/Java/jre1.8.0_151/lib/amd64;C:\Program Files\Oculus\Support\oculus-runtime;C:\ProgramData\Oracle\Java\javapath;C:\WINDOWS\system32;C:\WINDOWS;C:\WINDOWS\System32\Wbem;C:\WINDOWS\System32\WindowsPowerShell\v1.0\;C:\Program Files (x86)\NVIDIA Corporation\PhysX\Common;C:\Program Files (x86)\Skype\Phone\;C:\Program Files\Microsoft SQL Server\Client SDK\ODBC\110\Tools\Binn\;C:\Program Files (x86)\Microsoft SQL Server\120\Tools\Binn\;C:\Program Files\Microsoft SQL Server\120\Tools\Binn\;C:\Program Files\Microsoft SQL Server\120\DTS\Binn\;C:\Program Files (x86)\Windows Kits\8.1\Windows Performance Toolkit\;C:\WINDOWS\system32;C:\WINDOWS;C:\WINDOWS\System32\Wbem;C:\WINDOWS\System32\WindowsPowerShell\v1.0\;F:\Program Files\Git\cmd;C:\Users\Tyler Storr\AppData\Local\Microsoft\WindowsApps;;C:\Program Files\eclipse;
USERNAME=Tyler Storr
OS=Windows_NT
PROCESSOR_IDENTIFIER=AMD64 Family 21 Model 1 Stepping 2, AuthenticAMD



---------------  S Y S T E M  ---------------

OS: Windows 10.0 , 64 bit Build 15063 (10.0.15063.296)

CPU:total 8 (initial active 8) (8 cores per cpu, 1 threads per core) family 21 model 1 stepping 2, cmov, cx8, fxsr, mmx, sse, sse2, sse3, ssse3, sse4.1, sse4.2, popcnt, avx, aes, clmul, mmxext, 3dnowpref, lzcnt, sse4a, tsc, tscinvbit, tscinv

Memory: 4k page, physical 16721224k(9491260k free), swap 19473736k(8994848k free)

vm_info: Java HotSpot(TM) 64-Bit Server VM (25.151-b12) for windows-amd64 JRE (1.8.0_151-b12), built on Sep  5 2017 19:33:46 by "java_re" with MS VC++ 10.0 (VS2010)

time: Mon Nov 13 20:22:55 2017
elapsed time: 0 seconds (0d 0h 0m 0s)

